{"uid":"3e74bc4ecb174416","name":"test_decorator_steps","fullName":"tests.test_github_with_steps#test_decorator_steps","historyId":"44498702c0e55943b5802aa2fcb2211a","time":{"start":1674037195998,"stop":1674037196785,"duration":787},"status":"broken","statusMessage":"selenium.common.exceptions.WebDriverException: Message: unknown error: Chrome failed to start: exited abnormally.\n  (unknown error: DevToolsActivePort file doesn't exist)\n  (The process started from chrome location /usr/bin/google-chrome is no longer running, so ChromeDriver is assuming that Chrome has crashed.)\nStacktrace:\n#0 0x55adee5462a3 <unknown>\n#1 0x55adee304f77 <unknown>\n#2 0x55adee32d5f7 <unknown>\n#3 0x55adee3297d0 <unknown>\n#4 0x55adee36a0b7 <unknown>\n#5 0x55adee369a5f <unknown>\n#6 0x55adee361903 <unknown>\n#7 0x55adee334ece <unknown>\n#8 0x55adee335fde <unknown>\n#9 0x55adee59663e <unknown>\n#10 0x55adee599b79 <unknown>\n#11 0x55adee57c89e <unknown>\n#12 0x55adee59aa83 <unknown>\n#13 0x55adee56f505 <unknown>\n#14 0x55adee5bbca8 <unknown>\n#15 0x55adee5bbe36 <unknown>\n#16 0x55adee5d7333 <unknown>\n#17 0x7f883a492b43 <unknown>","statusTrace":"@allure.tag(\"web\")\n    @allure.label(\"owner\", \"Shurukhina\")\n    @allure.severity(Severity.BLOCKER)\n    @allure.feature(\"Проверка наличия задачи №76 в репозитории\")\n    @allure.story(\"Шаги с помощью декоратора '@allure.step'\")\n    @allure.link(\"https://github.com\", name=\"Testing\")\n    def test_decorator_steps():\n>       open_main_page()\n\ntests/test_github_with_steps.py:41: \n_ _ _ _ _ _ _ _ _ _ _ _ _ _ _ _ _ _ _ _ _ _ _ _ _ _ _ _ _ _ _ _ _ _ _ _ _ _ _ _ \ntests/test_github_with_steps.py:50: in open_main_page\n    browser.open(\"https://github.com/\")\n/opt/hostedtoolcache/Python/3.11.1/x64/lib/python3.11/site-packages/selene/support/shared/browser.py:83: in open\n    self.config.get_or_create_driver().get(url)\n/opt/hostedtoolcache/Python/3.11.1/x64/lib/python3.11/site-packages/selene/support/shared/config.py:301: in get_or_create_driver\n    return self._source.get_or_create()\n/opt/hostedtoolcache/Python/3.11.1/x64/lib/python3.11/site-packages/selene/support/shared/config.py:135: in get_or_create\n    return self.create()\n/opt/hostedtoolcache/Python/3.11.1/x64/lib/python3.11/site-packages/selene/support/shared/config.py:116: in create\n    self._stored = self._set_driver()\n/opt/hostedtoolcache/Python/3.11.1/x64/lib/python3.11/site-packages/selene/support/shared/config.py:203: in <lambda>\n    lambda: self._set_drivers_from_webdriver_manager()\n/opt/hostedtoolcache/Python/3.11.1/x64/lib/python3.11/site-packages/selene/support/shared/config.py:277: in _set_drivers_from_webdriver_manager\n    return {\n/opt/hostedtoolcache/Python/3.11.1/x64/lib/python3.11/site-packages/selene/support/shared/config.py:252: in get_chrome\n    return Chrome(\n/opt/hostedtoolcache/Python/3.11.1/x64/lib/python3.11/site-packages/selenium/webdriver/chrome/webdriver.py:69: in __init__\n    super().__init__(DesiredCapabilities.CHROME['browserName'], \"goog\",\n/opt/hostedtoolcache/Python/3.11.1/x64/lib/python3.11/site-packages/selenium/webdriver/chromium/webdriver.py:92: in __init__\n    super().__init__(\n/opt/hostedtoolcache/Python/3.11.1/x64/lib/python3.11/site-packages/selenium/webdriver/remote/webdriver.py:270: in __init__\n    self.start_session(capabilities, browser_profile)\n/opt/hostedtoolcache/Python/3.11.1/x64/lib/python3.11/site-packages/selenium/webdriver/remote/webdriver.py:363: in start_session\n    response = self.execute(Command.NEW_SESSION, parameters)\n/opt/hostedtoolcache/Python/3.11.1/x64/lib/python3.11/site-packages/selenium/webdriver/remote/webdriver.py:428: in execute\n    self.error_handler.check_response(response)\n_ _ _ _ _ _ _ _ _ _ _ _ _ _ _ _ _ _ _ _ _ _ _ _ _ _ _ _ _ _ _ _ _ _ _ _ _ _ _ _ \n\nself = <selenium.webdriver.remote.errorhandler.ErrorHandler object at 0x7f8e03e8a650>\nresponse = {'status': 500, 'value': '{\"value\":{\"error\":\"unknown error\",\"message\":\"unknown error: Chrome failed to start: exited a...\\\\n#15 0x55adee5bbe36 \\\\u003Cunknown>\\\\n#16 0x55adee5d7333 \\\\u003Cunknown>\\\\n#17 0x7f883a492b43 \\\\u003Cunknown>\\\\n\"}}'}\n\n    def check_response(self, response: Dict[str, Any]) -> None:\n        \"\"\"\n        Checks that a JSON response from the WebDriver does not have an error.\n    \n        :Args:\n         - response - The JSON response from the WebDriver server as a dictionary\n           object.\n    \n        :Raises: If the response contains an error message.\n        \"\"\"\n        status = response.get('status', None)\n        if not status or status == ErrorCode.SUCCESS:\n            return\n        value = None\n        message = response.get(\"message\", \"\")\n        screen: str = response.get(\"screen\", \"\")\n        stacktrace = None\n        if isinstance(status, int):\n            value_json = response.get('value', None)\n            if value_json and isinstance(value_json, str):\n                import json\n                try:\n                    value = json.loads(value_json)\n                    if len(value.keys()) == 1:\n                        value = value['value']\n                    status = value.get('error', None)\n                    if not status:\n                        status = value.get(\"status\", ErrorCode.UNKNOWN_ERROR)\n                        message = value.get(\"value\") or value.get(\"message\")\n                        if not isinstance(message, str):\n                            value = message\n                            message = message.get('message')\n                    else:\n                        message = value.get('message', None)\n                except ValueError:\n                    pass\n    \n        exception_class: Type[WebDriverException]\n        if status in ErrorCode.NO_SUCH_ELEMENT:\n            exception_class = NoSuchElementException\n        elif status in ErrorCode.NO_SUCH_FRAME:\n            exception_class = NoSuchFrameException\n        elif status in ErrorCode.NO_SUCH_SHADOW_ROOT:\n            exception_class = NoSuchShadowRootException\n        elif status in ErrorCode.NO_SUCH_WINDOW:\n            exception_class = NoSuchWindowException\n        elif status in ErrorCode.STALE_ELEMENT_REFERENCE:\n            exception_class = StaleElementReferenceException\n        elif status in ErrorCode.ELEMENT_NOT_VISIBLE:\n            exception_class = ElementNotVisibleException\n        elif status in ErrorCode.INVALID_ELEMENT_STATE:\n            exception_class = InvalidElementStateException\n        elif status in ErrorCode.INVALID_SELECTOR \\\n                or status in ErrorCode.INVALID_XPATH_SELECTOR \\\n                or status in ErrorCode.INVALID_XPATH_SELECTOR_RETURN_TYPER:\n            exception_class = InvalidSelectorException\n        elif status in ErrorCode.ELEMENT_IS_NOT_SELECTABLE:\n            exception_class = ElementNotSelectableException\n        elif status in ErrorCode.ELEMENT_NOT_INTERACTABLE:\n            exception_class = ElementNotInteractableException\n        elif status in ErrorCode.INVALID_COOKIE_DOMAIN:\n            exception_class = InvalidCookieDomainException\n        elif status in ErrorCode.UNABLE_TO_SET_COOKIE:\n            exception_class = UnableToSetCookieException\n        elif status in ErrorCode.TIMEOUT:\n            exception_class = TimeoutException\n        elif status in ErrorCode.SCRIPT_TIMEOUT:\n            exception_class = TimeoutException\n        elif status in ErrorCode.UNKNOWN_ERROR:\n            exception_class = WebDriverException\n        elif status in ErrorCode.UNEXPECTED_ALERT_OPEN:\n            exception_class = UnexpectedAlertPresentException\n        elif status in ErrorCode.NO_ALERT_OPEN:\n            exception_class = NoAlertPresentException\n        elif status in ErrorCode.IME_NOT_AVAILABLE:\n            exception_class = ImeNotAvailableException\n        elif status in ErrorCode.IME_ENGINE_ACTIVATION_FAILED:\n            exception_class = ImeActivationFailedException\n        elif status in ErrorCode.MOVE_TARGET_OUT_OF_BOUNDS:\n            exception_class = MoveTargetOutOfBoundsException\n        elif status in ErrorCode.JAVASCRIPT_ERROR:\n            exception_class = JavascriptException\n        elif status in ErrorCode.SESSION_NOT_CREATED:\n            exception_class = SessionNotCreatedException\n        elif status in ErrorCode.INVALID_ARGUMENT:\n            exception_class = InvalidArgumentException\n        elif status in ErrorCode.NO_SUCH_COOKIE:\n            exception_class = NoSuchCookieException\n        elif status in ErrorCode.UNABLE_TO_CAPTURE_SCREEN:\n            exception_class = ScreenshotException\n        elif status in ErrorCode.ELEMENT_CLICK_INTERCEPTED:\n            exception_class = ElementClickInterceptedException\n        elif status in ErrorCode.INSECURE_CERTIFICATE:\n            exception_class = InsecureCertificateException\n        elif status in ErrorCode.INVALID_COORDINATES:\n            exception_class = InvalidCoordinatesException\n        elif status in ErrorCode.INVALID_SESSION_ID:\n            exception_class = InvalidSessionIdException\n        elif status in ErrorCode.UNKNOWN_METHOD:\n            exception_class = UnknownMethodException\n        else:\n            exception_class = WebDriverException\n        if not value:\n            value = response['value']\n        if isinstance(value, str):\n            raise exception_class(value)\n        if message == \"\" and 'message' in value:\n            message = value['message']\n    \n        screen = None  # type: ignore[assignment]\n        if 'screen' in value:\n            screen = value['screen']\n    \n        stacktrace = None\n        st_value = value.get('stackTrace') or value.get('stacktrace')\n        if st_value:\n            if isinstance(st_value, str):\n                stacktrace = st_value.split('\\n')\n            else:\n                stacktrace = []\n                try:\n                    for frame in st_value:\n                        line = frame.get(\"lineNumber\", \"\")\n                        file = frame.get(\"fileName\", \"<anonymous>\")\n                        if line:\n                            file = f\"{file}:{line}\"\n                        meth = frame.get('methodName', '<anonymous>')\n                        if 'className' in frame:\n                            meth = \"{}.{}\".format(frame['className'], meth)\n                        msg = \"    at %s (%s)\"\n                        msg = msg % (meth, file)\n                        stacktrace.append(msg)\n                except TypeError:\n                    pass\n        if exception_class == UnexpectedAlertPresentException:\n            alert_text = None\n            if 'data' in value:\n                alert_text = value['data'].get('text')\n            elif 'alert' in value:\n                alert_text = value['alert'].get('text')\n            raise exception_class(message, screen, stacktrace, alert_text)  # type: ignore[call-arg]  # mypy is not smart enough here\n>       raise exception_class(message, screen, stacktrace)\nE       selenium.common.exceptions.WebDriverException: Message: unknown error: Chrome failed to start: exited abnormally.\nE         (unknown error: DevToolsActivePort file doesn't exist)\nE         (The process started from chrome location /usr/bin/google-chrome is no longer running, so ChromeDriver is assuming that Chrome has crashed.)\nE       Stacktrace:\nE       #0 0x55adee5462a3 <unknown>\nE       #1 0x55adee304f77 <unknown>\nE       #2 0x55adee32d5f7 <unknown>\nE       #3 0x55adee3297d0 <unknown>\nE       #4 0x55adee36a0b7 <unknown>\nE       #5 0x55adee369a5f <unknown>\nE       #6 0x55adee361903 <unknown>\nE       #7 0x55adee334ece <unknown>\nE       #8 0x55adee335fde <unknown>\nE       #9 0x55adee59663e <unknown>\nE       #10 0x55adee599b79 <unknown>\nE       #11 0x55adee57c89e <unknown>\nE       #12 0x55adee59aa83 <unknown>\nE       #13 0x55adee56f505 <unknown>\nE       #14 0x55adee5bbca8 <unknown>\nE       #15 0x55adee5bbe36 <unknown>\nE       #16 0x55adee5d7333 <unknown>\nE       #17 0x7f883a492b43 <unknown>\n\n/opt/hostedtoolcache/Python/3.11.1/x64/lib/python3.11/site-packages/selenium/webdriver/remote/errorhandler.py:243: WebDriverException","flaky":false,"newFailed":false,"newBroken":false,"newPassed":false,"retriesCount":0,"retriesStatusChange":false,"beforeStages":[],"testStage":{"status":"broken","statusMessage":"selenium.common.exceptions.WebDriverException: Message: unknown error: Chrome failed to start: exited abnormally.\n  (unknown error: DevToolsActivePort file doesn't exist)\n  (The process started from chrome location /usr/bin/google-chrome is no longer running, so ChromeDriver is assuming that Chrome has crashed.)\nStacktrace:\n#0 0x55adee5462a3 <unknown>\n#1 0x55adee304f77 <unknown>\n#2 0x55adee32d5f7 <unknown>\n#3 0x55adee3297d0 <unknown>\n#4 0x55adee36a0b7 <unknown>\n#5 0x55adee369a5f <unknown>\n#6 0x55adee361903 <unknown>\n#7 0x55adee334ece <unknown>\n#8 0x55adee335fde <unknown>\n#9 0x55adee59663e <unknown>\n#10 0x55adee599b79 <unknown>\n#11 0x55adee57c89e <unknown>\n#12 0x55adee59aa83 <unknown>\n#13 0x55adee56f505 <unknown>\n#14 0x55adee5bbca8 <unknown>\n#15 0x55adee5bbe36 <unknown>\n#16 0x55adee5d7333 <unknown>\n#17 0x7f883a492b43 <unknown>","statusTrace":"@allure.tag(\"web\")\n    @allure.label(\"owner\", \"Shurukhina\")\n    @allure.severity(Severity.BLOCKER)\n    @allure.feature(\"Проверка наличия задачи №76 в репозитории\")\n    @allure.story(\"Шаги с помощью декоратора '@allure.step'\")\n    @allure.link(\"https://github.com\", name=\"Testing\")\n    def test_decorator_steps():\n>       open_main_page()\n\ntests/test_github_with_steps.py:41: \n_ _ _ _ _ _ _ _ _ _ _ _ _ _ _ _ _ _ _ _ _ _ _ _ _ _ _ _ _ _ _ _ _ _ _ _ _ _ _ _ \ntests/test_github_with_steps.py:50: in open_main_page\n    browser.open(\"https://github.com/\")\n/opt/hostedtoolcache/Python/3.11.1/x64/lib/python3.11/site-packages/selene/support/shared/browser.py:83: in open\n    self.config.get_or_create_driver().get(url)\n/opt/hostedtoolcache/Python/3.11.1/x64/lib/python3.11/site-packages/selene/support/shared/config.py:301: in get_or_create_driver\n    return self._source.get_or_create()\n/opt/hostedtoolcache/Python/3.11.1/x64/lib/python3.11/site-packages/selene/support/shared/config.py:135: in get_or_create\n    return self.create()\n/opt/hostedtoolcache/Python/3.11.1/x64/lib/python3.11/site-packages/selene/support/shared/config.py:116: in create\n    self._stored = self._set_driver()\n/opt/hostedtoolcache/Python/3.11.1/x64/lib/python3.11/site-packages/selene/support/shared/config.py:203: in <lambda>\n    lambda: self._set_drivers_from_webdriver_manager()\n/opt/hostedtoolcache/Python/3.11.1/x64/lib/python3.11/site-packages/selene/support/shared/config.py:277: in _set_drivers_from_webdriver_manager\n    return {\n/opt/hostedtoolcache/Python/3.11.1/x64/lib/python3.11/site-packages/selene/support/shared/config.py:252: in get_chrome\n    return Chrome(\n/opt/hostedtoolcache/Python/3.11.1/x64/lib/python3.11/site-packages/selenium/webdriver/chrome/webdriver.py:69: in __init__\n    super().__init__(DesiredCapabilities.CHROME['browserName'], \"goog\",\n/opt/hostedtoolcache/Python/3.11.1/x64/lib/python3.11/site-packages/selenium/webdriver/chromium/webdriver.py:92: in __init__\n    super().__init__(\n/opt/hostedtoolcache/Python/3.11.1/x64/lib/python3.11/site-packages/selenium/webdriver/remote/webdriver.py:270: in __init__\n    self.start_session(capabilities, browser_profile)\n/opt/hostedtoolcache/Python/3.11.1/x64/lib/python3.11/site-packages/selenium/webdriver/remote/webdriver.py:363: in start_session\n    response = self.execute(Command.NEW_SESSION, parameters)\n/opt/hostedtoolcache/Python/3.11.1/x64/lib/python3.11/site-packages/selenium/webdriver/remote/webdriver.py:428: in execute\n    self.error_handler.check_response(response)\n_ _ _ _ _ _ _ _ _ _ _ _ _ _ _ _ _ _ _ _ _ _ _ _ _ _ _ _ _ _ _ _ _ _ _ _ _ _ _ _ \n\nself = <selenium.webdriver.remote.errorhandler.ErrorHandler object at 0x7f8e03e8a650>\nresponse = {'status': 500, 'value': '{\"value\":{\"error\":\"unknown error\",\"message\":\"unknown error: Chrome failed to start: exited a...\\\\n#15 0x55adee5bbe36 \\\\u003Cunknown>\\\\n#16 0x55adee5d7333 \\\\u003Cunknown>\\\\n#17 0x7f883a492b43 \\\\u003Cunknown>\\\\n\"}}'}\n\n    def check_response(self, response: Dict[str, Any]) -> None:\n        \"\"\"\n        Checks that a JSON response from the WebDriver does not have an error.\n    \n        :Args:\n         - response - The JSON response from the WebDriver server as a dictionary\n           object.\n    \n        :Raises: If the response contains an error message.\n        \"\"\"\n        status = response.get('status', None)\n        if not status or status == ErrorCode.SUCCESS:\n            return\n        value = None\n        message = response.get(\"message\", \"\")\n        screen: str = response.get(\"screen\", \"\")\n        stacktrace = None\n        if isinstance(status, int):\n            value_json = response.get('value', None)\n            if value_json and isinstance(value_json, str):\n                import json\n                try:\n                    value = json.loads(value_json)\n                    if len(value.keys()) == 1:\n                        value = value['value']\n                    status = value.get('error', None)\n                    if not status:\n                        status = value.get(\"status\", ErrorCode.UNKNOWN_ERROR)\n                        message = value.get(\"value\") or value.get(\"message\")\n                        if not isinstance(message, str):\n                            value = message\n                            message = message.get('message')\n                    else:\n                        message = value.get('message', None)\n                except ValueError:\n                    pass\n    \n        exception_class: Type[WebDriverException]\n        if status in ErrorCode.NO_SUCH_ELEMENT:\n            exception_class = NoSuchElementException\n        elif status in ErrorCode.NO_SUCH_FRAME:\n            exception_class = NoSuchFrameException\n        elif status in ErrorCode.NO_SUCH_SHADOW_ROOT:\n            exception_class = NoSuchShadowRootException\n        elif status in ErrorCode.NO_SUCH_WINDOW:\n            exception_class = NoSuchWindowException\n        elif status in ErrorCode.STALE_ELEMENT_REFERENCE:\n            exception_class = StaleElementReferenceException\n        elif status in ErrorCode.ELEMENT_NOT_VISIBLE:\n            exception_class = ElementNotVisibleException\n        elif status in ErrorCode.INVALID_ELEMENT_STATE:\n            exception_class = InvalidElementStateException\n        elif status in ErrorCode.INVALID_SELECTOR \\\n                or status in ErrorCode.INVALID_XPATH_SELECTOR \\\n                or status in ErrorCode.INVALID_XPATH_SELECTOR_RETURN_TYPER:\n            exception_class = InvalidSelectorException\n        elif status in ErrorCode.ELEMENT_IS_NOT_SELECTABLE:\n            exception_class = ElementNotSelectableException\n        elif status in ErrorCode.ELEMENT_NOT_INTERACTABLE:\n            exception_class = ElementNotInteractableException\n        elif status in ErrorCode.INVALID_COOKIE_DOMAIN:\n            exception_class = InvalidCookieDomainException\n        elif status in ErrorCode.UNABLE_TO_SET_COOKIE:\n            exception_class = UnableToSetCookieException\n        elif status in ErrorCode.TIMEOUT:\n            exception_class = TimeoutException\n        elif status in ErrorCode.SCRIPT_TIMEOUT:\n            exception_class = TimeoutException\n        elif status in ErrorCode.UNKNOWN_ERROR:\n            exception_class = WebDriverException\n        elif status in ErrorCode.UNEXPECTED_ALERT_OPEN:\n            exception_class = UnexpectedAlertPresentException\n        elif status in ErrorCode.NO_ALERT_OPEN:\n            exception_class = NoAlertPresentException\n        elif status in ErrorCode.IME_NOT_AVAILABLE:\n            exception_class = ImeNotAvailableException\n        elif status in ErrorCode.IME_ENGINE_ACTIVATION_FAILED:\n            exception_class = ImeActivationFailedException\n        elif status in ErrorCode.MOVE_TARGET_OUT_OF_BOUNDS:\n            exception_class = MoveTargetOutOfBoundsException\n        elif status in ErrorCode.JAVASCRIPT_ERROR:\n            exception_class = JavascriptException\n        elif status in ErrorCode.SESSION_NOT_CREATED:\n            exception_class = SessionNotCreatedException\n        elif status in ErrorCode.INVALID_ARGUMENT:\n            exception_class = InvalidArgumentException\n        elif status in ErrorCode.NO_SUCH_COOKIE:\n            exception_class = NoSuchCookieException\n        elif status in ErrorCode.UNABLE_TO_CAPTURE_SCREEN:\n            exception_class = ScreenshotException\n        elif status in ErrorCode.ELEMENT_CLICK_INTERCEPTED:\n            exception_class = ElementClickInterceptedException\n        elif status in ErrorCode.INSECURE_CERTIFICATE:\n            exception_class = InsecureCertificateException\n        elif status in ErrorCode.INVALID_COORDINATES:\n            exception_class = InvalidCoordinatesException\n        elif status in ErrorCode.INVALID_SESSION_ID:\n            exception_class = InvalidSessionIdException\n        elif status in ErrorCode.UNKNOWN_METHOD:\n            exception_class = UnknownMethodException\n        else:\n            exception_class = WebDriverException\n        if not value:\n            value = response['value']\n        if isinstance(value, str):\n            raise exception_class(value)\n        if message == \"\" and 'message' in value:\n            message = value['message']\n    \n        screen = None  # type: ignore[assignment]\n        if 'screen' in value:\n            screen = value['screen']\n    \n        stacktrace = None\n        st_value = value.get('stackTrace') or value.get('stacktrace')\n        if st_value:\n            if isinstance(st_value, str):\n                stacktrace = st_value.split('\\n')\n            else:\n                stacktrace = []\n                try:\n                    for frame in st_value:\n                        line = frame.get(\"lineNumber\", \"\")\n                        file = frame.get(\"fileName\", \"<anonymous>\")\n                        if line:\n                            file = f\"{file}:{line}\"\n                        meth = frame.get('methodName', '<anonymous>')\n                        if 'className' in frame:\n                            meth = \"{}.{}\".format(frame['className'], meth)\n                        msg = \"    at %s (%s)\"\n                        msg = msg % (meth, file)\n                        stacktrace.append(msg)\n                except TypeError:\n                    pass\n        if exception_class == UnexpectedAlertPresentException:\n            alert_text = None\n            if 'data' in value:\n                alert_text = value['data'].get('text')\n            elif 'alert' in value:\n                alert_text = value['alert'].get('text')\n            raise exception_class(message, screen, stacktrace, alert_text)  # type: ignore[call-arg]  # mypy is not smart enough here\n>       raise exception_class(message, screen, stacktrace)\nE       selenium.common.exceptions.WebDriverException: Message: unknown error: Chrome failed to start: exited abnormally.\nE         (unknown error: DevToolsActivePort file doesn't exist)\nE         (The process started from chrome location /usr/bin/google-chrome is no longer running, so ChromeDriver is assuming that Chrome has crashed.)\nE       Stacktrace:\nE       #0 0x55adee5462a3 <unknown>\nE       #1 0x55adee304f77 <unknown>\nE       #2 0x55adee32d5f7 <unknown>\nE       #3 0x55adee3297d0 <unknown>\nE       #4 0x55adee36a0b7 <unknown>\nE       #5 0x55adee369a5f <unknown>\nE       #6 0x55adee361903 <unknown>\nE       #7 0x55adee334ece <unknown>\nE       #8 0x55adee335fde <unknown>\nE       #9 0x55adee59663e <unknown>\nE       #10 0x55adee599b79 <unknown>\nE       #11 0x55adee57c89e <unknown>\nE       #12 0x55adee59aa83 <unknown>\nE       #13 0x55adee56f505 <unknown>\nE       #14 0x55adee5bbca8 <unknown>\nE       #15 0x55adee5bbe36 <unknown>\nE       #16 0x55adee5d7333 <unknown>\nE       #17 0x7f883a492b43 <unknown>\n\n/opt/hostedtoolcache/Python/3.11.1/x64/lib/python3.11/site-packages/selenium/webdriver/remote/errorhandler.py:243: WebDriverException","steps":[{"name":"Открываем главную страницу","time":{"start":1674037195998,"stop":1674037196784,"duration":786},"status":"broken","statusMessage":"selenium.common.exceptions.WebDriverException: Message: unknown error: Chrome failed to start: exited abnormally.\n  (unknown error: DevToolsActivePort file doesn't exist)\n  (The process started from chrome location /usr/bin/google-chrome is no longer running, so ChromeDriver is assuming that Chrome has crashed.)\nStacktrace:\n#0 0x55adee5462a3 <unknown>\n#1 0x55adee304f77 <unknown>\n#2 0x55adee32d5f7 <unknown>\n#3 0x55adee3297d0 <unknown>\n#4 0x55adee36a0b7 <unknown>\n#5 0x55adee369a5f <unknown>\n#6 0x55adee361903 <unknown>\n#7 0x55adee334ece <unknown>\n#8 0x55adee335fde <unknown>\n#9 0x55adee59663e <unknown>\n#10 0x55adee599b79 <unknown>\n#11 0x55adee57c89e <unknown>\n#12 0x55adee59aa83 <unknown>\n#13 0x55adee56f505 <unknown>\n#14 0x55adee5bbca8 <unknown>\n#15 0x55adee5bbe36 <unknown>\n#16 0x55adee5d7333 <unknown>\n#17 0x7f883a492b43 <unknown>\n\n","statusTrace":"  File \"/opt/hostedtoolcache/Python/3.11.1/x64/lib/python3.11/site-packages/allure_commons/_allure.py\", line 192, in impl\n    return func(*a, **kw)\n           ^^^^^^^^^^^^^^\n  File \"/home/runner/work/qa_guru_python_7/qa_guru_python_7/tests/test_github_with_steps.py\", line 50, in open_main_page\n    browser.open(\"https://github.com/\")\n  File \"/opt/hostedtoolcache/Python/3.11.1/x64/lib/python3.11/site-packages/selene/support/shared/browser.py\", line 83, in open\n    self.config.get_or_create_driver().get(url)\n    ^^^^^^^^^^^^^^^^^^^^^^^^^^^^^^^^^^\n  File \"/opt/hostedtoolcache/Python/3.11.1/x64/lib/python3.11/site-packages/selene/support/shared/config.py\", line 301, in get_or_create_driver\n    return self._source.get_or_create()\n           ^^^^^^^^^^^^^^^^^^^^^^^^^^^^\n  File \"/opt/hostedtoolcache/Python/3.11.1/x64/lib/python3.11/site-packages/selene/support/shared/config.py\", line 135, in get_or_create\n    return self.create()\n           ^^^^^^^^^^^^^\n  File \"/opt/hostedtoolcache/Python/3.11.1/x64/lib/python3.11/site-packages/selene/support/shared/config.py\", line 116, in create\n    self._stored = self._set_driver()\n                   ^^^^^^^^^^^^^^^^^^\n  File \"/opt/hostedtoolcache/Python/3.11.1/x64/lib/python3.11/site-packages/selene/support/shared/config.py\", line 203, in <lambda>\n    lambda: self._set_drivers_from_webdriver_manager()\n            ^^^^^^^^^^^^^^^^^^^^^^^^^^^^^^^^^^^^^^^^^^\n  File \"/opt/hostedtoolcache/Python/3.11.1/x64/lib/python3.11/site-packages/selene/support/shared/config.py\", line 277, in _set_drivers_from_webdriver_manager\n    return {\n           ^\n  File \"/opt/hostedtoolcache/Python/3.11.1/x64/lib/python3.11/site-packages/selene/support/shared/config.py\", line 252, in get_chrome\n    return Chrome(\n           ^^^^^^^\n  File \"/opt/hostedtoolcache/Python/3.11.1/x64/lib/python3.11/site-packages/selenium/webdriver/chrome/webdriver.py\", line 69, in __init__\n    super().__init__(DesiredCapabilities.CHROME['browserName'], \"goog\",\n  File \"/opt/hostedtoolcache/Python/3.11.1/x64/lib/python3.11/site-packages/selenium/webdriver/chromium/webdriver.py\", line 92, in __init__\n    super().__init__(\n  File \"/opt/hostedtoolcache/Python/3.11.1/x64/lib/python3.11/site-packages/selenium/webdriver/remote/webdriver.py\", line 270, in __init__\n    self.start_session(capabilities, browser_profile)\n  File \"/opt/hostedtoolcache/Python/3.11.1/x64/lib/python3.11/site-packages/selenium/webdriver/remote/webdriver.py\", line 363, in start_session\n    response = self.execute(Command.NEW_SESSION, parameters)\n               ^^^^^^^^^^^^^^^^^^^^^^^^^^^^^^^^^^^^^^^^^^^^^\n  File \"/opt/hostedtoolcache/Python/3.11.1/x64/lib/python3.11/site-packages/selenium/webdriver/remote/webdriver.py\", line 428, in execute\n    self.error_handler.check_response(response)\n  File \"/opt/hostedtoolcache/Python/3.11.1/x64/lib/python3.11/site-packages/selenium/webdriver/remote/errorhandler.py\", line 243, in check_response\n    raise exception_class(message, screen, stacktrace)\n","steps":[],"attachments":[],"parameters":[],"stepsCount":0,"attachmentsCount":0,"shouldDisplayMessage":true,"hasContent":true}],"attachments":[],"parameters":[],"stepsCount":1,"attachmentsCount":0,"shouldDisplayMessage":true,"hasContent":true},"afterStages":[],"labels":[{"name":"tag","value":"web"},{"name":"severity","value":"blocker"},{"name":"feature","value":"Проверка наличия задачи №76 в репозитории"},{"name":"owner","value":"Shurukhina"},{"name":"story","value":"Шаги с помощью декоратора '@allure.step'"},{"name":"parentSuite","value":"tests"},{"name":"suite","value":"test_github_with_steps"},{"name":"host","value":"fv-az673-48"},{"name":"thread","value":"2354-MainThread"},{"name":"framework","value":"pytest"},{"name":"language","value":"cpython3"},{"name":"package","value":"tests.test_github_with_steps"},{"name":"resultFormat","value":"allure2"}],"parameters":[],"links":[{"name":"Testing","url":"https://github.com","type":"link"}],"hidden":false,"retry":false,"extra":{"severity":"blocker","owner":"Shurukhina","retries":[],"categories":[{"name":"Test defects","matchedStatuses":[],"flaky":false}],"history":{"statistic":{"failed":0,"broken":3,"skipped":0,"passed":0,"unknown":0,"total":3},"items":[{"uid":"43e0509084d420af","reportUrl":"https://DiShurukhina.github.io/qa_guru_python_7/5//#testresult/43e0509084d420af","status":"broken","statusDetails":"selenium.common.exceptions.WebDriverException: Message: unknown error: Chrome failed to start: exited abnormally.\n  (unknown error: DevToolsActivePort file doesn't exist)\n  (The process started from chrome location /usr/bin/google-chrome is no longer running, so ChromeDriver is assuming that Chrome has crashed.)\nStacktrace:\n#0 0x5585e52292a3 <unknown>\n#1 0x5585e4fe7f77 <unknown>\n#2 0x5585e50105f7 <unknown>\n#3 0x5585e500c7d0 <unknown>\n#4 0x5585e504d0b7 <unknown>\n#5 0x5585e504ca5f <unknown>\n#6 0x5585e5044903 <unknown>\n#7 0x5585e5017ece <unknown>\n#8 0x5585e5018fde <unknown>\n#9 0x5585e527963e <unknown>\n#10 0x5585e527cb79 <unknown>\n#11 0x5585e525f89e <unknown>\n#12 0x5585e527da83 <unknown>\n#13 0x5585e5252505 <unknown>\n#14 0x5585e529eca8 <unknown>\n#15 0x5585e529ee36 <unknown>\n#16 0x5585e52ba333 <unknown>\n#17 0x7f9028f73b43 <unknown>","time":{"start":1674036392928,"stop":1674036393784,"duration":856}},{"uid":"ab284909c88c406b","reportUrl":"https://DiShurukhina.github.io/qa_guru_python_7/4//#testresult/ab284909c88c406b","status":"broken","statusDetails":"selenium.common.exceptions.WebDriverException: Message: unknown error: Chrome failed to start: exited abnormally.\n  (unknown error: DevToolsActivePort file doesn't exist)\n  (The process started from chrome location /usr/bin/google-chrome is no longer running, so ChromeDriver is assuming that Chrome has crashed.)\nStacktrace:\n#0 0x561b9ddbf2a3 <unknown>\n#1 0x561b9db7df77 <unknown>\n#2 0x561b9dba65f7 <unknown>\n#3 0x561b9dba27d0 <unknown>\n#4 0x561b9dbe30b7 <unknown>\n#5 0x561b9dbe2a5f <unknown>\n#6 0x561b9dbda903 <unknown>\n#7 0x561b9dbadece <unknown>\n#8 0x561b9dbaefde <unknown>\n#9 0x561b9de0f63e <unknown>\n#10 0x561b9de12b79 <unknown>\n#11 0x561b9ddf589e <unknown>\n#12 0x561b9de13a83 <unknown>\n#13 0x561b9dde8505 <unknown>\n#14 0x561b9de34ca8 <unknown>\n#15 0x561b9de34e36 <unknown>\n#16 0x561b9de50333 <unknown>\n#17 0x7f501ec87b43 <unknown>","time":{"start":1674035645832,"stop":1674035646617,"duration":785}}]},"tags":["web"]},"source":"3e74bc4ecb174416.json","parameterValues":[]}