{"name": "test_dynamic_steps", "status": "failed", "statusDetails": {"message": "selene.core.exceptions.TimeoutException: Message: \n\nTimed out after 4s, while waiting for:\nbrowser.element(('xpath', './/*[text()[contains(normalize-space(.), concat(\"\", \"#576\"))]]')).is visible\n\nReason: NoSuchElementException: Message: no such element: Unable to locate element: {\"method\":\"xpath\",\"selector\":\".//*[text()[contains(normalize-space(.), concat(\"\", \"#576\"))]]\"}\n  (Session info: chrome=109.0.5414.74)\nStacktrace:\nBacktrace:\n\t(No symbol) [0x00936643]\n\t(No symbol) [0x008CBE21]\n\t(No symbol) [0x007CDA9D]\n\t(No symbol) [0x00801342]\n\t(No symbol) [0x0080147B]\n\t(No symbol) [0x00838DC2]\n\t(No symbol) [0x0081FDC4]\n\t(No symbol) [0x00836B09]\n\t(No symbol) [0x0081FB76]\n\t(No symbol) [0x007F49C1]\n\t(No symbol) [0x007F5E5D]\n\tGetHandleVerifier [0x00BAA142+2497106]\n\tGetHandleVerifier [0x00BD85D3+2686691]\n\tGetHandleVerifier [0x00BDBB9C+2700460]\n\tGetHandleVerifier [0x009E3B10+635936]\n\t(No symbol) [0x008D4A1F]\n\t(No symbol) [0x008DA418]\n\t(No symbol) [0x008DA505]\n\t(No symbol) [0x008E508B]\n\tBaseThreadInitThunk [0x76536BD9+25]\n\tRtlGetFullPathName_UEx [0x77738FD2+1218]\n\tRtlGetFullPathName_UEx [0x77738F9D+1165]\n\nScreenshot: file://C:\\Users\\dolbu\\.selene\\screenshots\\1674037892351\\1674037892352.png\nPageSource: file://C:\\Users\\dolbu\\.selene\\screenshots\\1674037892351\\1674037892352.html", "trace": "fn = <selene.core.conditions.ElementCondition object at 0x000001AA187CD050>\n\n    @self._decorator(self)\n    def _(fn: Callable[[E], R]) -> R:\n        finish_time = time.time() + self._timeout\n    \n        while True:\n            try:\n>               return fn(self.entity)\n\nC:\\Users\\dolbu\\AppData\\Local\\Programs\\Python\\Python311\\Lib\\site-packages\\selene\\core\\wait.py:122: \n_ _ _ _ _ _ _ _ _ _ _ _ _ _ _ _ _ _ _ _ _ _ _ _ _ _ _ _ _ _ _ _ _ _ _ _ _ _ _ _ _ _ _ _ _ _ _ _ _ _ _ _ _ _ _ _ _ _ _ _ _ _ _ _ _ _ _ _ _ _ _ _ _ _ _ _ _ _ _ _ _ _ _ _ _ _ _ _ _ _ _ _ _ _ _ _ _ _ _ _ _ _ _\n\nself = <selene.core.conditions.ElementCondition object at 0x000001AA187CD050>, entity = <selene.core.entity.Element object at 0x000001AA1881DFD0>\n\n    def __call__(self, entity: E) -> None:\n>       return self._fn(entity)\n\nC:\\Users\\dolbu\\AppData\\Local\\Programs\\Python\\Python311\\Lib\\site-packages\\selene\\core\\condition.py:174: \n_ _ _ _ _ _ _ _ _ _ _ _ _ _ _ _ _ _ _ _ _ _ _ _ _ _ _ _ _ _ _ _ _ _ _ _ _ _ _ _ _ _ _ _ _ _ _ _ _ _ _ _ _ _ _ _ _ _ _ _ _ _ _ _ _ _ _ _ _ _ _ _ _ _ _ _ _ _ _ _ _ _ _ _ _ _ _ _ _ _ _ _ _ _ _ _ _ _ _ _ _ _ _\n\nentity = <selene.core.entity.Element object at 0x000001AA1881DFD0>\n\n    def fn(entity: E) -> None:\n>       if not predicate(entity):\n\nC:\\Users\\dolbu\\AppData\\Local\\Programs\\Python\\Python311\\Lib\\site-packages\\selene\\core\\condition.py:120: \n_ _ _ _ _ _ _ _ _ _ _ _ _ _ _ _ _ _ _ _ _ _ _ _ _ _ _ _ _ _ _ _ _ _ _ _ _ _ _ _ _ _ _ _ _ _ _ _ _ _ _ _ _ _ _ _ _ _ _ _ _ _ _ _ _ _ _ _ _ _ _ _ _ _ _ _ _ _ _ _ _ _ _ _ _ _ _ _ _ _ _ _ _ _ _ _ _ _ _ _ _ _ _\n\nelement = <selene.core.entity.Element object at 0x000001AA1881DFD0>\n\n>       'is visible', lambda element: element().is_displayed()\n    )\n\nC:\\Users\\dolbu\\AppData\\Local\\Programs\\Python\\Python311\\Lib\\site-packages\\selene\\core\\match.py:37: \n_ _ _ _ _ _ _ _ _ _ _ _ _ _ _ _ _ _ _ _ _ _ _ _ _ _ _ _ _ _ _ _ _ _ _ _ _ _ _ _ _ _ _ _ _ _ _ _ _ _ _ _ _ _ _ _ _ _ _ _ _ _ _ _ _ _ _ _ _ _ _ _ _ _ _ _ _ _ _ _ _ _ _ _ _ _ _ _ _ _ _ _ _ _ _ _ _ _ _ _ _ _ _\n\nself = <selene.core.entity.Element object at 0x000001AA1881DFD0>\n\n    def __call__(self) -> WebElement:\n>       return self.locate()\n\nC:\\Users\\dolbu\\AppData\\Local\\Programs\\Python\\Python311\\Lib\\site-packages\\selene\\core\\entity.py:186: \n_ _ _ _ _ _ _ _ _ _ _ _ _ _ _ _ _ _ _ _ _ _ _ _ _ _ _ _ _ _ _ _ _ _ _ _ _ _ _ _ _ _ _ _ _ _ _ _ _ _ _ _ _ _ _ _ _ _ _ _ _ _ _ _ _ _ _ _ _ _ _ _ _ _ _ _ _ _ _ _ _ _ _ _ _ _ _ _ _ _ _ _ _ _ _ _ _ _ _ _ _ _ _\n\nself = <selene.core.entity.Element object at 0x000001AA1881DFD0>\n\n    def locate(self) -> WebElement:\n>       return self._locator()\n\nC:\\Users\\dolbu\\AppData\\Local\\Programs\\Python\\Python311\\Lib\\site-packages\\selene\\core\\entity.py:179: \n_ _ _ _ _ _ _ _ _ _ _ _ _ _ _ _ _ _ _ _ _ _ _ _ _ _ _ _ _ _ _ _ _ _ _ _ _ _ _ _ _ _ _ _ _ _ _ _ _ _ _ _ _ _ _ _ _ _ _ _ _ _ _ _ _ _ _ _ _ _ _ _ _ _ _ _ _ _ _ _ _ _ _ _ _ _ _ _ _ _ _ _ _ _ _ _ _ _ _ _ _ _ _\n\nself = <selene.core.locator.Locator object at 0x000001AA1AF742D0>\n\n    def __call__(self) -> T:\n>       return self._locate()\n\nC:\\Users\\dolbu\\AppData\\Local\\Programs\\Python\\Python311\\Lib\\site-packages\\selene\\core\\locator.py:34: \n_ _ _ _ _ _ _ _ _ _ _ _ _ _ _ _ _ _ _ _ _ _ _ _ _ _ _ _ _ _ _ _ _ _ _ _ _ _ _ _ _ _ _ _ _ _ _ _ _ _ _ _ _ _ _ _ _ _ _ _ _ _ _ _ _ _ _ _ _ _ _ _ _ _ _ _ _ _ _ _ _ _ _ _ _ _ _ _ _ _ _ _ _ _ _ _ _ _ _ _ _ _ _\n\n>           f'{self}.element({by})', lambda: self.driver.find_element(*by)\n        ),\n        self.config,\n    )\n\nC:\\Users\\dolbu\\AppData\\Local\\Programs\\Python\\Python311\\Lib\\site-packages\\selene\\core\\entity.py:1132: \n_ _ _ _ _ _ _ _ _ _ _ _ _ _ _ _ _ _ _ _ _ _ _ _ _ _ _ _ _ _ _ _ _ _ _ _ _ _ _ _ _ _ _ _ _ _ _ _ _ _ _ _ _ _ _ _ _ _ _ _ _ _ _ _ _ _ _ _ _ _ _ _ _ _ _ _ _ _ _ _ _ _ _ _ _ _ _ _ _ _ _ _ _ _ _ _ _ _ _ _ _ _ _\n\nself = <selenium.webdriver.chrome.webdriver.WebDriver (session=\"55c25e475d1a6ca24e9152c6d0f38d40\")>, by = 'xpath', value = './/*[text()[contains(normalize-space(.), concat(\"\", \"#576\"))]]'\n\n    def find_element(self, by=By.ID, value=None) -> WebElement:\n        \"\"\"\n        Find an element given a By strategy and locator.\n    \n        :Usage:\n            ::\n    \n                element = driver.find_element(By.ID, 'foo')\n    \n        :rtype: WebElement\n        \"\"\"\n        if isinstance(by, RelativeBy):\n            elements = self.find_elements(by=by, value=value)\n            if not elements:\n                raise NoSuchElementException(f\"Cannot locate relative element with: {by.root}\")\n            return elements[0]\n    \n        if by == By.ID:\n            by = By.CSS_SELECTOR\n            value = '[id=\"%s\"]' % value\n        elif by == By.CLASS_NAME:\n            by = By.CSS_SELECTOR\n            value = \".%s\" % value\n        elif by == By.NAME:\n            by = By.CSS_SELECTOR\n            value = '[name=\"%s\"]' % value\n    \n>       return self.execute(Command.FIND_ELEMENT, {\n            'using': by,\n            'value': value})['value']\n\nC:\\Users\\dolbu\\AppData\\Local\\Programs\\Python\\Python311\\Lib\\site-packages\\selenium\\webdriver\\remote\\webdriver.py:855: \n_ _ _ _ _ _ _ _ _ _ _ _ _ _ _ _ _ _ _ _ _ _ _ _ _ _ _ _ _ _ _ _ _ _ _ _ _ _ _ _ _ _ _ _ _ _ _ _ _ _ _ _ _ _ _ _ _ _ _ _ _ _ _ _ _ _ _ _ _ _ _ _ _ _ _ _ _ _ _ _ _ _ _ _ _ _ _ _ _ _ _ _ _ _ _ _ _ _ _ _ _ _ _\n\nself = <selenium.webdriver.chrome.webdriver.WebDriver (session=\"55c25e475d1a6ca24e9152c6d0f38d40\")>, driver_command = 'findElement'\nparams = {'using': 'xpath', 'value': './/*[text()[contains(normalize-space(.), concat(\"\", \"#576\"))]]'}\n\n    def execute(self, driver_command: str, params: dict = None) -> dict:\n        \"\"\"\n        Sends a command to be executed by a command.CommandExecutor.\n    \n        :Args:\n         - driver_command: The name of the command to execute as a string.\n         - params: A dictionary of named parameters to send with the command.\n    \n        :Returns:\n          The command's JSON response loaded into a dictionary object.\n        \"\"\"\n        if self.session_id:\n            if not params:\n                params = {'sessionId': self.session_id}\n            elif 'sessionId' not in params:\n                params['sessionId'] = self.session_id\n    \n        params = self._wrap_value(params)\n        response = self.command_executor.execute(driver_command, params)\n        if response:\n>           self.error_handler.check_response(response)\n\nC:\\Users\\dolbu\\AppData\\Local\\Programs\\Python\\Python311\\Lib\\site-packages\\selenium\\webdriver\\remote\\webdriver.py:428: \n_ _ _ _ _ _ _ _ _ _ _ _ _ _ _ _ _ _ _ _ _ _ _ _ _ _ _ _ _ _ _ _ _ _ _ _ _ _ _ _ _ _ _ _ _ _ _ _ _ _ _ _ _ _ _ _ _ _ _ _ _ _ _ _ _ _ _ _ _ _ _ _ _ _ _ _ _ _ _ _ _ _ _ _ _ _ _ _ _ _ _ _ _ _ _ _ _ _ _ _ _ _ _\n\nself = <selenium.webdriver.remote.errorhandler.ErrorHandler object at 0x000001AA1883FED0>\nresponse = {'status': 404, 'value': '{\"value\":{\"error\":\"no such element\",\"message\":\"no such element: Unable to locate element: {\\...unk [0x76536BD9+25]\\\\n\\\\tRtlGetFullPathName_UEx [0x77738FD2+1218]\\\\n\\\\tRtlGetFullPathName_UEx [0x77738F9D+1165]\\\\n\"}}'}\n\n    def check_response(self, response: Dict[str, Any]) -> None:\n        \"\"\"\n        Checks that a JSON response from the WebDriver does not have an error.\n    \n        :Args:\n         - response - The JSON response from the WebDriver server as a dictionary\n           object.\n    \n        :Raises: If the response contains an error message.\n        \"\"\"\n        status = response.get('status', None)\n        if not status or status == ErrorCode.SUCCESS:\n            return\n        value = None\n        message = response.get(\"message\", \"\")\n        screen: str = response.get(\"screen\", \"\")\n        stacktrace = None\n        if isinstance(status, int):\n            value_json = response.get('value', None)\n            if value_json and isinstance(value_json, str):\n                import json\n                try:\n                    value = json.loads(value_json)\n                    if len(value.keys()) == 1:\n                        value = value['value']\n                    status = value.get('error', None)\n                    if not status:\n                        status = value.get(\"status\", ErrorCode.UNKNOWN_ERROR)\n                        message = value.get(\"value\") or value.get(\"message\")\n                        if not isinstance(message, str):\n                            value = message\n                            message = message.get('message')\n                    else:\n                        message = value.get('message', None)\n                except ValueError:\n                    pass\n    \n        exception_class: Type[WebDriverException]\n        if status in ErrorCode.NO_SUCH_ELEMENT:\n            exception_class = NoSuchElementException\n        elif status in ErrorCode.NO_SUCH_FRAME:\n            exception_class = NoSuchFrameException\n        elif status in ErrorCode.NO_SUCH_SHADOW_ROOT:\n            exception_class = NoSuchShadowRootException\n        elif status in ErrorCode.NO_SUCH_WINDOW:\n            exception_class = NoSuchWindowException\n        elif status in ErrorCode.STALE_ELEMENT_REFERENCE:\n            exception_class = StaleElementReferenceException\n        elif status in ErrorCode.ELEMENT_NOT_VISIBLE:\n            exception_class = ElementNotVisibleException\n        elif status in ErrorCode.INVALID_ELEMENT_STATE:\n            exception_class = InvalidElementStateException\n        elif status in ErrorCode.INVALID_SELECTOR \\\n                or status in ErrorCode.INVALID_XPATH_SELECTOR \\\n                or status in ErrorCode.INVALID_XPATH_SELECTOR_RETURN_TYPER:\n            exception_class = InvalidSelectorException\n        elif status in ErrorCode.ELEMENT_IS_NOT_SELECTABLE:\n            exception_class = ElementNotSelectableException\n        elif status in ErrorCode.ELEMENT_NOT_INTERACTABLE:\n            exception_class = ElementNotInteractableException\n        elif status in ErrorCode.INVALID_COOKIE_DOMAIN:\n            exception_class = InvalidCookieDomainException\n        elif status in ErrorCode.UNABLE_TO_SET_COOKIE:\n            exception_class = UnableToSetCookieException\n        elif status in ErrorCode.TIMEOUT:\n            exception_class = TimeoutException\n        elif status in ErrorCode.SCRIPT_TIMEOUT:\n            exception_class = TimeoutException\n        elif status in ErrorCode.UNKNOWN_ERROR:\n            exception_class = WebDriverException\n        elif status in ErrorCode.UNEXPECTED_ALERT_OPEN:\n            exception_class = UnexpectedAlertPresentException\n        elif status in ErrorCode.NO_ALERT_OPEN:\n            exception_class = NoAlertPresentException\n        elif status in ErrorCode.IME_NOT_AVAILABLE:\n            exception_class = ImeNotAvailableException\n        elif status in ErrorCode.IME_ENGINE_ACTIVATION_FAILED:\n            exception_class = ImeActivationFailedException\n        elif status in ErrorCode.MOVE_TARGET_OUT_OF_BOUNDS:\n            exception_class = MoveTargetOutOfBoundsException\n        elif status in ErrorCode.JAVASCRIPT_ERROR:\n            exception_class = JavascriptException\n        elif status in ErrorCode.SESSION_NOT_CREATED:\n            exception_class = SessionNotCreatedException\n        elif status in ErrorCode.INVALID_ARGUMENT:\n            exception_class = InvalidArgumentException\n        elif status in ErrorCode.NO_SUCH_COOKIE:\n            exception_class = NoSuchCookieException\n        elif status in ErrorCode.UNABLE_TO_CAPTURE_SCREEN:\n            exception_class = ScreenshotException\n        elif status in ErrorCode.ELEMENT_CLICK_INTERCEPTED:\n            exception_class = ElementClickInterceptedException\n        elif status in ErrorCode.INSECURE_CERTIFICATE:\n            exception_class = InsecureCertificateException\n        elif status in ErrorCode.INVALID_COORDINATES:\n            exception_class = InvalidCoordinatesException\n        elif status in ErrorCode.INVALID_SESSION_ID:\n            exception_class = InvalidSessionIdException\n        elif status in ErrorCode.UNKNOWN_METHOD:\n            exception_class = UnknownMethodException\n        else:\n            exception_class = WebDriverException\n        if not value:\n            value = response['value']\n        if isinstance(value, str):\n            raise exception_class(value)\n        if message == \"\" and 'message' in value:\n            message = value['message']\n    \n        screen = None  # type: ignore[assignment]\n        if 'screen' in value:\n            screen = value['screen']\n    \n        stacktrace = None\n        st_value = value.get('stackTrace') or value.get('stacktrace')\n        if st_value:\n            if isinstance(st_value, str):\n                stacktrace = st_value.split('\\n')\n            else:\n                stacktrace = []\n                try:\n                    for frame in st_value:\n                        line = frame.get(\"lineNumber\", \"\")\n                        file = frame.get(\"fileName\", \"<anonymous>\")\n                        if line:\n                            file = f\"{file}:{line}\"\n                        meth = frame.get('methodName', '<anonymous>')\n                        if 'className' in frame:\n                            meth = \"{}.{}\".format(frame['className'], meth)\n                        msg = \"    at %s (%s)\"\n                        msg = msg % (meth, file)\n                        stacktrace.append(msg)\n                except TypeError:\n                    pass\n        if exception_class == UnexpectedAlertPresentException:\n            alert_text = None\n            if 'data' in value:\n                alert_text = value['data'].get('text')\n            elif 'alert' in value:\n                alert_text = value['alert'].get('text')\n            raise exception_class(message, screen, stacktrace, alert_text)  # type: ignore[call-arg]  # mypy is not smart enough here\n>       raise exception_class(message, screen, stacktrace)\nE       selenium.common.exceptions.NoSuchElementException: Message: no such element: Unable to locate element: {\"method\":\"xpath\",\"selector\":\".//*[text()[contains(normalize-space(.), concat(\"\", \"#576\"))]]\"}\nE         (Session info: chrome=109.0.5414.74)\nE       Stacktrace:\nE       Backtrace:\nE       \t(No symbol) [0x00936643]\nE       \t(No symbol) [0x008CBE21]\nE       \t(No symbol) [0x007CDA9D]\nE       \t(No symbol) [0x00801342]\nE       \t(No symbol) [0x0080147B]\nE       \t(No symbol) [0x00838DC2]\nE       \t(No symbol) [0x0081FDC4]\nE       \t(No symbol) [0x00836B09]\nE       \t(No symbol) [0x0081FB76]\nE       \t(No symbol) [0x007F49C1]\nE       \t(No symbol) [0x007F5E5D]\nE       \tGetHandleVerifier [0x00BAA142+2497106]\nE       \tGetHandleVerifier [0x00BD85D3+2686691]\nE       \tGetHandleVerifier [0x00BDBB9C+2700460]\nE       \tGetHandleVerifier [0x009E3B10+635936]\nE       \t(No symbol) [0x008D4A1F]\nE       \t(No symbol) [0x008DA418]\nE       \t(No symbol) [0x008DA505]\nE       \t(No symbol) [0x008E508B]\nE       \tBaseThreadInitThunk [0x76536BD9+25]\nE       \tRtlGetFullPathName_UEx [0x77738FD2+1218]\nE       \tRtlGetFullPathName_UEx [0x77738F9D+1165]\n\nC:\\Users\\dolbu\\AppData\\Local\\Programs\\Python\\Python311\\Lib\\site-packages\\selenium\\webdriver\\remote\\errorhandler.py:243: NoSuchElementException\n\nDuring handling of the above exception, another exception occurred:\n\n    @allure.tag(\"web\")\n    @allure.label(\"owner\", \"Shurukhina\")\n    @allure.severity(Severity.CRITICAL)\n    @allure.feature(\"Проверка наличия задачи №576 в репозитории\")\n    @allure.story(\"Лямбда шаги с помощью 'with allure.step'\")\n    @allure.link(\"https://github.com\", name=\"Testing\")\n    def test_dynamic_steps():\n        with allure.step(\"Открываем главную страницу\"):\n            browser.open(\"https://github.com/\")\n    \n        with allure.step(\"Ищем репозиторий 'eroshenkoam/allure-example'\"):\n            s(\".header-search-input\").click()\n            s(\".header-search-input\").send_keys(\"eroshenkoam/allure-example\")\n            s(\".header-search-input\").submit()\n    \n        with allure.step(\"Переходим по ссылке в репозиторий\"):\n            s(by.link_text(\"eroshenkoam/allure-example\")).click()\n    \n        with allure.step(\"Открываем вкладку 'Issue'\"):\n            s(\"#issues-tab\").click()\n    \n        with allure.step(\"Проверяем наличие Issue №576\"):\n>           s(by.partial_text(\"#576\")).should(be.visible)\n\ntests\\test_github_with_steps.py:31: \n_ _ _ _ _ _ _ _ _ _ _ _ _ _ _ _ _ _ _ _ _ _ _ _ _ _ _ _ _ _ _ _ _ _ _ _ _ _ _ _ _ _ _ _ _ _ _ _ _ _ _ _ _ _ _ _ _ _ _ _ _ _ _ _ _ _ _ _ _ _ _ _ _ _ _ _ _ _ _ _ _ _ _ _ _ _ _ _ _ _ _ _ _ _ _ _ _ _ _ _ _ _ _\nC:\\Users\\dolbu\\AppData\\Local\\Programs\\Python\\Python311\\Lib\\site-packages\\selene\\core\\entity.py:594: in should\n    super().should(condition)\nC:\\Users\\dolbu\\AppData\\Local\\Programs\\Python\\Python311\\Lib\\site-packages\\selene\\core\\entity.py:127: in should\n    self.wait.for_(condition)\nC:\\Users\\dolbu\\AppData\\Local\\Programs\\Python\\Python311\\Lib\\site-packages\\selene\\core\\wait.py:147: in for_\n    return _(fn)\n_ _ _ _ _ _ _ _ _ _ _ _ _ _ _ _ _ _ _ _ _ _ _ _ _ _ _ _ _ _ _ _ _ _ _ _ _ _ _ _ _ _ _ _ _ _ _ _ _ _ _ _ _ _ _ _ _ _ _ _ _ _ _ _ _ _ _ _ _ _ _ _ _ _ _ _ _ _ _ _ _ _ _ _ _ _ _ _ _ _ _ _ _ _ _ _ _ _ _ _ _ _ _\n\nfn = <selene.core.conditions.ElementCondition object at 0x000001AA187CD050>\n\n    @self._decorator(self)\n    def _(fn: Callable[[E], R]) -> R:\n        finish_time = time.time() + self._timeout\n    \n        while True:\n            try:\n                return fn(self.entity)\n            except Exception as reason:\n                if time.time() > finish_time:\n    \n                    reason_message = str(reason)\n    \n                    reason_string = '{name}: {message}'.format(\n                        name=reason.__class__.__name__,\n                        message=reason_message,\n                    )\n                    # todo: think on how can we improve logging failures in selene, e.g. reverse msg and stacktrace\n                    # stacktrace = getattr(reason, 'stacktrace', None)\n                    timeout = self._timeout\n                    entity = self.entity\n    \n                    failure = TimeoutException(\n                        f'\\n'\n                        f'\\nTimed out after {timeout}s, while waiting for:'\n                        f'\\n{entity}.{fn}'\n                        f'\\n'\n                        f'\\nReason: {reason_string}'\n                    )\n    \n>                   raise self._hook_failure(failure)\nE                   selene.core.exceptions.TimeoutException: Message: \nE                   \nE                   Timed out after 4s, while waiting for:\nE                   browser.element(('xpath', './/*[text()[contains(normalize-space(.), concat(\"\", \"#576\"))]]')).is visible\nE                   \nE                   Reason: NoSuchElementException: Message: no such element: Unable to locate element: {\"method\":\"xpath\",\"selector\":\".//*[text()[contains(normalize-space(.), concat(\"\", \"#576\"))]]\"}\nE                     (Session info: chrome=109.0.5414.74)\nE                   Stacktrace:\nE                   Backtrace:\nE                   \t(No symbol) [0x00936643]\nE                   \t(No symbol) [0x008CBE21]\nE                   \t(No symbol) [0x007CDA9D]\nE                   \t(No symbol) [0x00801342]\nE                   \t(No symbol) [0x0080147B]\nE                   \t(No symbol) [0x00838DC2]\nE                   \t(No symbol) [0x0081FDC4]\nE                   \t(No symbol) [0x00836B09]\nE                   \t(No symbol) [0x0081FB76]\nE                   \t(No symbol) [0x007F49C1]\nE                   \t(No symbol) [0x007F5E5D]\nE                   \tGetHandleVerifier [0x00BAA142+2497106]\nE                   \tGetHandleVerifier [0x00BD85D3+2686691]\nE                   \tGetHandleVerifier [0x00BDBB9C+2700460]\nE                   \tGetHandleVerifier [0x009E3B10+635936]\nE                   \t(No symbol) [0x008D4A1F]\nE                   \t(No symbol) [0x008DA418]\nE                   \t(No symbol) [0x008DA505]\nE                   \t(No symbol) [0x008E508B]\nE                   \tBaseThreadInitThunk [0x76536BD9+25]\nE                   \tRtlGetFullPathName_UEx [0x77738FD2+1218]\nE                   \tRtlGetFullPathName_UEx [0x77738F9D+1165]\nE                   \nE                   Screenshot: file://C:\\Users\\dolbu\\.selene\\screenshots\\1674037892351\\1674037892352.png\nE                   PageSource: file://C:\\Users\\dolbu\\.selene\\screenshots\\1674037892351\\1674037892352.html\n\nC:\\Users\\dolbu\\AppData\\Local\\Programs\\Python\\Python311\\Lib\\site-packages\\selene\\core\\wait.py:145: TimeoutException"}, "steps": [{"name": "Открываем главную страницу", "status": "passed", "start": 1674037897845, "stop": 1674037898091}, {"name": "Ищем репозиторий 'eroshenkoam/allure-example'", "status": "passed", "start": 1674037898091, "stop": 1674037899173}, {"name": "Переходим по ссылке в репозиторий", "status": "passed", "start": 1674037899173, "stop": 1674037899234}, {"name": "Открываем вкладку 'Issue'", "status": "passed", "start": 1674037899234, "stop": 1674037899450}, {"name": "Проверяем наличие Issue №576", "status": "failed", "statusDetails": {"message": "selene.core.exceptions.TimeoutException: Message: \n\nTimed out after 4s, while waiting for:\nbrowser.element(('xpath', './/*[text()[contains(normalize-space(.), concat(\"\", \"#576\"))]]')).is visible\n\nReason: NoSuchElementException: Message: no such element: Unable to locate element: {\"method\":\"xpath\",\"selector\":\".//*[text()[contains(normalize-space(.), concat(\"\", \"#576\"))]]\"}\n  (Session info: chrome=109.0.5414.74)\nStacktrace:\nBacktrace:\n\t(No symbol) [0x00936643]\n\t(No symbol) [0x008CBE21]\n\t(No symbol) [0x007CDA9D]\n\t(No symbol) [0x00801342]\n\t(No symbol) [0x0080147B]\n\t(No symbol) [0x00838DC2]\n\t(No symbol) [0x0081FDC4]\n\t(No symbol) [0x00836B09]\n\t(No symbol) [0x0081FB76]\n\t(No symbol) [0x007F49C1]\n\t(No symbol) [0x007F5E5D]\n\tGetHandleVerifier [0x00BAA142+2497106]\n\tGetHandleVerifier [0x00BD85D3+2686691]\n\tGetHandleVerifier [0x00BDBB9C+2700460]\n\tGetHandleVerifier [0x009E3B10+635936]\n\t(No symbol) [0x008D4A1F]\n\t(No symbol) [0x008DA418]\n\t(No symbol) [0x008DA505]\n\t(No symbol) [0x008E508B]\n\tBaseThreadInitThunk [0x76536BD9+25]\n\tRtlGetFullPathName_UEx [0x77738FD2+1218]\n\tRtlGetFullPathName_UEx [0x77738F9D+1165]\n\nScreenshot: file://C:\\Users\\dolbu\\.selene\\screenshots\\1674037892351\\1674037892352.png\nPageSource: file://C:\\Users\\dolbu\\.selene\\screenshots\\1674037892351\\1674037892352.html\n\n", "trace": "  File \"C:\\AQA\\qa_guru_python_7\\tests\\test_github_with_steps.py\", line 31, in test_dynamic_steps\n    s(by.partial_text(\"#576\")).should(be.visible)\n  File \"C:\\Users\\dolbu\\AppData\\Local\\Programs\\Python\\Python311\\Lib\\site-packages\\selene\\core\\entity.py\", line 594, in should\n    super().should(condition)\n  File \"C:\\Users\\dolbu\\AppData\\Local\\Programs\\Python\\Python311\\Lib\\site-packages\\selene\\core\\entity.py\", line 127, in should\n    self.wait.for_(condition)\n  File \"C:\\Users\\dolbu\\AppData\\Local\\Programs\\Python\\Python311\\Lib\\site-packages\\selene\\core\\wait.py\", line 147, in for_\n    return _(fn)\n           ^^^^^\n  File \"C:\\Users\\dolbu\\AppData\\Local\\Programs\\Python\\Python311\\Lib\\site-packages\\selene\\core\\wait.py\", line 145, in _\n    raise self._hook_failure(failure)\n"}, "start": 1674037899450, "stop": 1674037903637}], "start": 1674037897845, "stop": 1674037903683, "uuid": "16730262-8d3a-45ea-ae0b-d7dbe6dd1fb1", "historyId": "a1c777d973835349330d29ef6b38fb0c", "testCaseId": "cdb43637a8d4576446d9fbe50d880e29", "fullName": "tests.test_github_with_steps#test_dynamic_steps", "labels": [{"name": "story", "value": "Лямбда шаги с помощью 'with allure.step'"}, {"name": "owner", "value": "Shurukhina"}, {"name": "tag", "value": "web"}, {"name": "severity", "value": "critical"}, {"name": "feature", "value": "Проверка наличия задачи №576 в репозитории"}, {"name": "parentSuite", "value": "tests"}, {"name": "suite", "value": "test_github_with_steps"}, {"name": "host", "value": "Dolbunok"}, {"name": "thread", "value": "36960-MainThread"}, {"name": "framework", "value": "pytest"}, {"name": "language", "value": "cpython3"}, {"name": "package", "value": "tests.test_github_with_steps"}], "links": [{"type": "link", "url": "https://github.com", "name": "Testing"}]}