{"uid":"3baa2c8c470dfcc6","name":"test_dynamic_steps","fullName":"tests.test_github_with_steps#test_dynamic_steps","historyId":"a1c777d973835349330d29ef6b38fb0c","time":{"start":1674038407186,"stop":1674038407990,"duration":804},"status":"broken","statusMessage":"selenium.common.exceptions.WebDriverException: Message: unknown error: Chrome failed to start: exited abnormally.\n  (unknown error: DevToolsActivePort file doesn't exist)\n  (The process started from chrome location /usr/bin/google-chrome is no longer running, so ChromeDriver is assuming that Chrome has crashed.)\nStacktrace:\n#0 0x555ac9d872a3 <unknown>\n#1 0x555ac9b45f77 <unknown>\n#2 0x555ac9b6e5f7 <unknown>\n#3 0x555ac9b6a7d0 <unknown>\n#4 0x555ac9bab0b7 <unknown>\n#5 0x555ac9baaa5f <unknown>\n#6 0x555ac9ba2903 <unknown>\n#7 0x555ac9b75ece <unknown>\n#8 0x555ac9b76fde <unknown>\n#9 0x555ac9dd763e <unknown>\n#10 0x555ac9ddab79 <unknown>\n#11 0x555ac9dbd89e <unknown>\n#12 0x555ac9ddba83 <unknown>\n#13 0x555ac9db0505 <unknown>\n#14 0x555ac9dfcca8 <unknown>\n#15 0x555ac9dfce36 <unknown>\n#16 0x555ac9e18333 <unknown>\n#17 0x7f1e96a44b43 <unknown>","statusTrace":"@allure.tag(\"web\")\n    @allure.label(\"owner\", \"Shurukhina\")\n    @allure.severity(Severity.CRITICAL)\n    @allure.feature(\"Проверка наличия задачи №576 в репозитории\")\n    @allure.story(\"Лямбда шаги с помощью 'with allure.step'\")\n    @allure.link(\"https://github.com\", name=\"Testing\")\n    def test_dynamic_steps():\n        with allure.step(\"Открываем главную страницу\"):\n>           browser.open(\"https://github.com/\")\n\ntests/test_github_with_steps.py:17: \n_ _ _ _ _ _ _ _ _ _ _ _ _ _ _ _ _ _ _ _ _ _ _ _ _ _ _ _ _ _ _ _ _ _ _ _ _ _ _ _ \n/opt/hostedtoolcache/Python/3.11.1/x64/lib/python3.11/site-packages/selene/support/shared/browser.py:83: in open\n    self.config.get_or_create_driver().get(url)\n/opt/hostedtoolcache/Python/3.11.1/x64/lib/python3.11/site-packages/selene/support/shared/config.py:301: in get_or_create_driver\n    return self._source.get_or_create()\n/opt/hostedtoolcache/Python/3.11.1/x64/lib/python3.11/site-packages/selene/support/shared/config.py:135: in get_or_create\n    return self.create()\n/opt/hostedtoolcache/Python/3.11.1/x64/lib/python3.11/site-packages/selene/support/shared/config.py:116: in create\n    self._stored = self._set_driver()\n/opt/hostedtoolcache/Python/3.11.1/x64/lib/python3.11/site-packages/selene/support/shared/config.py:203: in <lambda>\n    lambda: self._set_drivers_from_webdriver_manager()\n/opt/hostedtoolcache/Python/3.11.1/x64/lib/python3.11/site-packages/selene/support/shared/config.py:277: in _set_drivers_from_webdriver_manager\n    return {\n/opt/hostedtoolcache/Python/3.11.1/x64/lib/python3.11/site-packages/selene/support/shared/config.py:252: in get_chrome\n    return Chrome(\n/opt/hostedtoolcache/Python/3.11.1/x64/lib/python3.11/site-packages/selenium/webdriver/chrome/webdriver.py:69: in __init__\n    super().__init__(DesiredCapabilities.CHROME['browserName'], \"goog\",\n/opt/hostedtoolcache/Python/3.11.1/x64/lib/python3.11/site-packages/selenium/webdriver/chromium/webdriver.py:92: in __init__\n    super().__init__(\n/opt/hostedtoolcache/Python/3.11.1/x64/lib/python3.11/site-packages/selenium/webdriver/remote/webdriver.py:270: in __init__\n    self.start_session(capabilities, browser_profile)\n/opt/hostedtoolcache/Python/3.11.1/x64/lib/python3.11/site-packages/selenium/webdriver/remote/webdriver.py:363: in start_session\n    response = self.execute(Command.NEW_SESSION, parameters)\n/opt/hostedtoolcache/Python/3.11.1/x64/lib/python3.11/site-packages/selenium/webdriver/remote/webdriver.py:428: in execute\n    self.error_handler.check_response(response)\n_ _ _ _ _ _ _ _ _ _ _ _ _ _ _ _ _ _ _ _ _ _ _ _ _ _ _ _ _ _ _ _ _ _ _ _ _ _ _ _ \n\nself = <selenium.webdriver.remote.errorhandler.ErrorHandler object at 0x7f10f4902110>\nresponse = {'status': 500, 'value': '{\"value\":{\"error\":\"unknown error\",\"message\":\"unknown error: Chrome failed to start: exited a...\\\\n#15 0x555ac9dfce36 \\\\u003Cunknown>\\\\n#16 0x555ac9e18333 \\\\u003Cunknown>\\\\n#17 0x7f1e96a44b43 \\\\u003Cunknown>\\\\n\"}}'}\n\n    def check_response(self, response: Dict[str, Any]) -> None:\n        \"\"\"\n        Checks that a JSON response from the WebDriver does not have an error.\n    \n        :Args:\n         - response - The JSON response from the WebDriver server as a dictionary\n           object.\n    \n        :Raises: If the response contains an error message.\n        \"\"\"\n        status = response.get('status', None)\n        if not status or status == ErrorCode.SUCCESS:\n            return\n        value = None\n        message = response.get(\"message\", \"\")\n        screen: str = response.get(\"screen\", \"\")\n        stacktrace = None\n        if isinstance(status, int):\n            value_json = response.get('value', None)\n            if value_json and isinstance(value_json, str):\n                import json\n                try:\n                    value = json.loads(value_json)\n                    if len(value.keys()) == 1:\n                        value = value['value']\n                    status = value.get('error', None)\n                    if not status:\n                        status = value.get(\"status\", ErrorCode.UNKNOWN_ERROR)\n                        message = value.get(\"value\") or value.get(\"message\")\n                        if not isinstance(message, str):\n                            value = message\n                            message = message.get('message')\n                    else:\n                        message = value.get('message', None)\n                except ValueError:\n                    pass\n    \n        exception_class: Type[WebDriverException]\n        if status in ErrorCode.NO_SUCH_ELEMENT:\n            exception_class = NoSuchElementException\n        elif status in ErrorCode.NO_SUCH_FRAME:\n            exception_class = NoSuchFrameException\n        elif status in ErrorCode.NO_SUCH_SHADOW_ROOT:\n            exception_class = NoSuchShadowRootException\n        elif status in ErrorCode.NO_SUCH_WINDOW:\n            exception_class = NoSuchWindowException\n        elif status in ErrorCode.STALE_ELEMENT_REFERENCE:\n            exception_class = StaleElementReferenceException\n        elif status in ErrorCode.ELEMENT_NOT_VISIBLE:\n            exception_class = ElementNotVisibleException\n        elif status in ErrorCode.INVALID_ELEMENT_STATE:\n            exception_class = InvalidElementStateException\n        elif status in ErrorCode.INVALID_SELECTOR \\\n                or status in ErrorCode.INVALID_XPATH_SELECTOR \\\n                or status in ErrorCode.INVALID_XPATH_SELECTOR_RETURN_TYPER:\n            exception_class = InvalidSelectorException\n        elif status in ErrorCode.ELEMENT_IS_NOT_SELECTABLE:\n            exception_class = ElementNotSelectableException\n        elif status in ErrorCode.ELEMENT_NOT_INTERACTABLE:\n            exception_class = ElementNotInteractableException\n        elif status in ErrorCode.INVALID_COOKIE_DOMAIN:\n            exception_class = InvalidCookieDomainException\n        elif status in ErrorCode.UNABLE_TO_SET_COOKIE:\n            exception_class = UnableToSetCookieException\n        elif status in ErrorCode.TIMEOUT:\n            exception_class = TimeoutException\n        elif status in ErrorCode.SCRIPT_TIMEOUT:\n            exception_class = TimeoutException\n        elif status in ErrorCode.UNKNOWN_ERROR:\n            exception_class = WebDriverException\n        elif status in ErrorCode.UNEXPECTED_ALERT_OPEN:\n            exception_class = UnexpectedAlertPresentException\n        elif status in ErrorCode.NO_ALERT_OPEN:\n            exception_class = NoAlertPresentException\n        elif status in ErrorCode.IME_NOT_AVAILABLE:\n            exception_class = ImeNotAvailableException\n        elif status in ErrorCode.IME_ENGINE_ACTIVATION_FAILED:\n            exception_class = ImeActivationFailedException\n        elif status in ErrorCode.MOVE_TARGET_OUT_OF_BOUNDS:\n            exception_class = MoveTargetOutOfBoundsException\n        elif status in ErrorCode.JAVASCRIPT_ERROR:\n            exception_class = JavascriptException\n        elif status in ErrorCode.SESSION_NOT_CREATED:\n            exception_class = SessionNotCreatedException\n        elif status in ErrorCode.INVALID_ARGUMENT:\n            exception_class = InvalidArgumentException\n        elif status in ErrorCode.NO_SUCH_COOKIE:\n            exception_class = NoSuchCookieException\n        elif status in ErrorCode.UNABLE_TO_CAPTURE_SCREEN:\n            exception_class = ScreenshotException\n        elif status in ErrorCode.ELEMENT_CLICK_INTERCEPTED:\n            exception_class = ElementClickInterceptedException\n        elif status in ErrorCode.INSECURE_CERTIFICATE:\n            exception_class = InsecureCertificateException\n        elif status in ErrorCode.INVALID_COORDINATES:\n            exception_class = InvalidCoordinatesException\n        elif status in ErrorCode.INVALID_SESSION_ID:\n            exception_class = InvalidSessionIdException\n        elif status in ErrorCode.UNKNOWN_METHOD:\n            exception_class = UnknownMethodException\n        else:\n            exception_class = WebDriverException\n        if not value:\n            value = response['value']\n        if isinstance(value, str):\n            raise exception_class(value)\n        if message == \"\" and 'message' in value:\n            message = value['message']\n    \n        screen = None  # type: ignore[assignment]\n        if 'screen' in value:\n            screen = value['screen']\n    \n        stacktrace = None\n        st_value = value.get('stackTrace') or value.get('stacktrace')\n        if st_value:\n            if isinstance(st_value, str):\n                stacktrace = st_value.split('\\n')\n            else:\n                stacktrace = []\n                try:\n                    for frame in st_value:\n                        line = frame.get(\"lineNumber\", \"\")\n                        file = frame.get(\"fileName\", \"<anonymous>\")\n                        if line:\n                            file = f\"{file}:{line}\"\n                        meth = frame.get('methodName', '<anonymous>')\n                        if 'className' in frame:\n                            meth = \"{}.{}\".format(frame['className'], meth)\n                        msg = \"    at %s (%s)\"\n                        msg = msg % (meth, file)\n                        stacktrace.append(msg)\n                except TypeError:\n                    pass\n        if exception_class == UnexpectedAlertPresentException:\n            alert_text = None\n            if 'data' in value:\n                alert_text = value['data'].get('text')\n            elif 'alert' in value:\n                alert_text = value['alert'].get('text')\n            raise exception_class(message, screen, stacktrace, alert_text)  # type: ignore[call-arg]  # mypy is not smart enough here\n>       raise exception_class(message, screen, stacktrace)\nE       selenium.common.exceptions.WebDriverException: Message: unknown error: Chrome failed to start: exited abnormally.\nE         (unknown error: DevToolsActivePort file doesn't exist)\nE         (The process started from chrome location /usr/bin/google-chrome is no longer running, so ChromeDriver is assuming that Chrome has crashed.)\nE       Stacktrace:\nE       #0 0x555ac9d872a3 <unknown>\nE       #1 0x555ac9b45f77 <unknown>\nE       #2 0x555ac9b6e5f7 <unknown>\nE       #3 0x555ac9b6a7d0 <unknown>\nE       #4 0x555ac9bab0b7 <unknown>\nE       #5 0x555ac9baaa5f <unknown>\nE       #6 0x555ac9ba2903 <unknown>\nE       #7 0x555ac9b75ece <unknown>\nE       #8 0x555ac9b76fde <unknown>\nE       #9 0x555ac9dd763e <unknown>\nE       #10 0x555ac9ddab79 <unknown>\nE       #11 0x555ac9dbd89e <unknown>\nE       #12 0x555ac9ddba83 <unknown>\nE       #13 0x555ac9db0505 <unknown>\nE       #14 0x555ac9dfcca8 <unknown>\nE       #15 0x555ac9dfce36 <unknown>\nE       #16 0x555ac9e18333 <unknown>\nE       #17 0x7f1e96a44b43 <unknown>\n\n/opt/hostedtoolcache/Python/3.11.1/x64/lib/python3.11/site-packages/selenium/webdriver/remote/errorhandler.py:243: WebDriverException","flaky":false,"newFailed":false,"newBroken":false,"newPassed":false,"retriesCount":0,"retriesStatusChange":false,"beforeStages":[],"testStage":{"status":"broken","statusMessage":"selenium.common.exceptions.WebDriverException: Message: unknown error: Chrome failed to start: exited abnormally.\n  (unknown error: DevToolsActivePort file doesn't exist)\n  (The process started from chrome location /usr/bin/google-chrome is no longer running, so ChromeDriver is assuming that Chrome has crashed.)\nStacktrace:\n#0 0x555ac9d872a3 <unknown>\n#1 0x555ac9b45f77 <unknown>\n#2 0x555ac9b6e5f7 <unknown>\n#3 0x555ac9b6a7d0 <unknown>\n#4 0x555ac9bab0b7 <unknown>\n#5 0x555ac9baaa5f <unknown>\n#6 0x555ac9ba2903 <unknown>\n#7 0x555ac9b75ece <unknown>\n#8 0x555ac9b76fde <unknown>\n#9 0x555ac9dd763e <unknown>\n#10 0x555ac9ddab79 <unknown>\n#11 0x555ac9dbd89e <unknown>\n#12 0x555ac9ddba83 <unknown>\n#13 0x555ac9db0505 <unknown>\n#14 0x555ac9dfcca8 <unknown>\n#15 0x555ac9dfce36 <unknown>\n#16 0x555ac9e18333 <unknown>\n#17 0x7f1e96a44b43 <unknown>","statusTrace":"@allure.tag(\"web\")\n    @allure.label(\"owner\", \"Shurukhina\")\n    @allure.severity(Severity.CRITICAL)\n    @allure.feature(\"Проверка наличия задачи №576 в репозитории\")\n    @allure.story(\"Лямбда шаги с помощью 'with allure.step'\")\n    @allure.link(\"https://github.com\", name=\"Testing\")\n    def test_dynamic_steps():\n        with allure.step(\"Открываем главную страницу\"):\n>           browser.open(\"https://github.com/\")\n\ntests/test_github_with_steps.py:17: \n_ _ _ _ _ _ _ _ _ _ _ _ _ _ _ _ _ _ _ _ _ _ _ _ _ _ _ _ _ _ _ _ _ _ _ _ _ _ _ _ \n/opt/hostedtoolcache/Python/3.11.1/x64/lib/python3.11/site-packages/selene/support/shared/browser.py:83: in open\n    self.config.get_or_create_driver().get(url)\n/opt/hostedtoolcache/Python/3.11.1/x64/lib/python3.11/site-packages/selene/support/shared/config.py:301: in get_or_create_driver\n    return self._source.get_or_create()\n/opt/hostedtoolcache/Python/3.11.1/x64/lib/python3.11/site-packages/selene/support/shared/config.py:135: in get_or_create\n    return self.create()\n/opt/hostedtoolcache/Python/3.11.1/x64/lib/python3.11/site-packages/selene/support/shared/config.py:116: in create\n    self._stored = self._set_driver()\n/opt/hostedtoolcache/Python/3.11.1/x64/lib/python3.11/site-packages/selene/support/shared/config.py:203: in <lambda>\n    lambda: self._set_drivers_from_webdriver_manager()\n/opt/hostedtoolcache/Python/3.11.1/x64/lib/python3.11/site-packages/selene/support/shared/config.py:277: in _set_drivers_from_webdriver_manager\n    return {\n/opt/hostedtoolcache/Python/3.11.1/x64/lib/python3.11/site-packages/selene/support/shared/config.py:252: in get_chrome\n    return Chrome(\n/opt/hostedtoolcache/Python/3.11.1/x64/lib/python3.11/site-packages/selenium/webdriver/chrome/webdriver.py:69: in __init__\n    super().__init__(DesiredCapabilities.CHROME['browserName'], \"goog\",\n/opt/hostedtoolcache/Python/3.11.1/x64/lib/python3.11/site-packages/selenium/webdriver/chromium/webdriver.py:92: in __init__\n    super().__init__(\n/opt/hostedtoolcache/Python/3.11.1/x64/lib/python3.11/site-packages/selenium/webdriver/remote/webdriver.py:270: in __init__\n    self.start_session(capabilities, browser_profile)\n/opt/hostedtoolcache/Python/3.11.1/x64/lib/python3.11/site-packages/selenium/webdriver/remote/webdriver.py:363: in start_session\n    response = self.execute(Command.NEW_SESSION, parameters)\n/opt/hostedtoolcache/Python/3.11.1/x64/lib/python3.11/site-packages/selenium/webdriver/remote/webdriver.py:428: in execute\n    self.error_handler.check_response(response)\n_ _ _ _ _ _ _ _ _ _ _ _ _ _ _ _ _ _ _ _ _ _ _ _ _ _ _ _ _ _ _ _ _ _ _ _ _ _ _ _ \n\nself = <selenium.webdriver.remote.errorhandler.ErrorHandler object at 0x7f10f4902110>\nresponse = {'status': 500, 'value': '{\"value\":{\"error\":\"unknown error\",\"message\":\"unknown error: Chrome failed to start: exited a...\\\\n#15 0x555ac9dfce36 \\\\u003Cunknown>\\\\n#16 0x555ac9e18333 \\\\u003Cunknown>\\\\n#17 0x7f1e96a44b43 \\\\u003Cunknown>\\\\n\"}}'}\n\n    def check_response(self, response: Dict[str, Any]) -> None:\n        \"\"\"\n        Checks that a JSON response from the WebDriver does not have an error.\n    \n        :Args:\n         - response - The JSON response from the WebDriver server as a dictionary\n           object.\n    \n        :Raises: If the response contains an error message.\n        \"\"\"\n        status = response.get('status', None)\n        if not status or status == ErrorCode.SUCCESS:\n            return\n        value = None\n        message = response.get(\"message\", \"\")\n        screen: str = response.get(\"screen\", \"\")\n        stacktrace = None\n        if isinstance(status, int):\n            value_json = response.get('value', None)\n            if value_json and isinstance(value_json, str):\n                import json\n                try:\n                    value = json.loads(value_json)\n                    if len(value.keys()) == 1:\n                        value = value['value']\n                    status = value.get('error', None)\n                    if not status:\n                        status = value.get(\"status\", ErrorCode.UNKNOWN_ERROR)\n                        message = value.get(\"value\") or value.get(\"message\")\n                        if not isinstance(message, str):\n                            value = message\n                            message = message.get('message')\n                    else:\n                        message = value.get('message', None)\n                except ValueError:\n                    pass\n    \n        exception_class: Type[WebDriverException]\n        if status in ErrorCode.NO_SUCH_ELEMENT:\n            exception_class = NoSuchElementException\n        elif status in ErrorCode.NO_SUCH_FRAME:\n            exception_class = NoSuchFrameException\n        elif status in ErrorCode.NO_SUCH_SHADOW_ROOT:\n            exception_class = NoSuchShadowRootException\n        elif status in ErrorCode.NO_SUCH_WINDOW:\n            exception_class = NoSuchWindowException\n        elif status in ErrorCode.STALE_ELEMENT_REFERENCE:\n            exception_class = StaleElementReferenceException\n        elif status in ErrorCode.ELEMENT_NOT_VISIBLE:\n            exception_class = ElementNotVisibleException\n        elif status in ErrorCode.INVALID_ELEMENT_STATE:\n            exception_class = InvalidElementStateException\n        elif status in ErrorCode.INVALID_SELECTOR \\\n                or status in ErrorCode.INVALID_XPATH_SELECTOR \\\n                or status in ErrorCode.INVALID_XPATH_SELECTOR_RETURN_TYPER:\n            exception_class = InvalidSelectorException\n        elif status in ErrorCode.ELEMENT_IS_NOT_SELECTABLE:\n            exception_class = ElementNotSelectableException\n        elif status in ErrorCode.ELEMENT_NOT_INTERACTABLE:\n            exception_class = ElementNotInteractableException\n        elif status in ErrorCode.INVALID_COOKIE_DOMAIN:\n            exception_class = InvalidCookieDomainException\n        elif status in ErrorCode.UNABLE_TO_SET_COOKIE:\n            exception_class = UnableToSetCookieException\n        elif status in ErrorCode.TIMEOUT:\n            exception_class = TimeoutException\n        elif status in ErrorCode.SCRIPT_TIMEOUT:\n            exception_class = TimeoutException\n        elif status in ErrorCode.UNKNOWN_ERROR:\n            exception_class = WebDriverException\n        elif status in ErrorCode.UNEXPECTED_ALERT_OPEN:\n            exception_class = UnexpectedAlertPresentException\n        elif status in ErrorCode.NO_ALERT_OPEN:\n            exception_class = NoAlertPresentException\n        elif status in ErrorCode.IME_NOT_AVAILABLE:\n            exception_class = ImeNotAvailableException\n        elif status in ErrorCode.IME_ENGINE_ACTIVATION_FAILED:\n            exception_class = ImeActivationFailedException\n        elif status in ErrorCode.MOVE_TARGET_OUT_OF_BOUNDS:\n            exception_class = MoveTargetOutOfBoundsException\n        elif status in ErrorCode.JAVASCRIPT_ERROR:\n            exception_class = JavascriptException\n        elif status in ErrorCode.SESSION_NOT_CREATED:\n            exception_class = SessionNotCreatedException\n        elif status in ErrorCode.INVALID_ARGUMENT:\n            exception_class = InvalidArgumentException\n        elif status in ErrorCode.NO_SUCH_COOKIE:\n            exception_class = NoSuchCookieException\n        elif status in ErrorCode.UNABLE_TO_CAPTURE_SCREEN:\n            exception_class = ScreenshotException\n        elif status in ErrorCode.ELEMENT_CLICK_INTERCEPTED:\n            exception_class = ElementClickInterceptedException\n        elif status in ErrorCode.INSECURE_CERTIFICATE:\n            exception_class = InsecureCertificateException\n        elif status in ErrorCode.INVALID_COORDINATES:\n            exception_class = InvalidCoordinatesException\n        elif status in ErrorCode.INVALID_SESSION_ID:\n            exception_class = InvalidSessionIdException\n        elif status in ErrorCode.UNKNOWN_METHOD:\n            exception_class = UnknownMethodException\n        else:\n            exception_class = WebDriverException\n        if not value:\n            value = response['value']\n        if isinstance(value, str):\n            raise exception_class(value)\n        if message == \"\" and 'message' in value:\n            message = value['message']\n    \n        screen = None  # type: ignore[assignment]\n        if 'screen' in value:\n            screen = value['screen']\n    \n        stacktrace = None\n        st_value = value.get('stackTrace') or value.get('stacktrace')\n        if st_value:\n            if isinstance(st_value, str):\n                stacktrace = st_value.split('\\n')\n            else:\n                stacktrace = []\n                try:\n                    for frame in st_value:\n                        line = frame.get(\"lineNumber\", \"\")\n                        file = frame.get(\"fileName\", \"<anonymous>\")\n                        if line:\n                            file = f\"{file}:{line}\"\n                        meth = frame.get('methodName', '<anonymous>')\n                        if 'className' in frame:\n                            meth = \"{}.{}\".format(frame['className'], meth)\n                        msg = \"    at %s (%s)\"\n                        msg = msg % (meth, file)\n                        stacktrace.append(msg)\n                except TypeError:\n                    pass\n        if exception_class == UnexpectedAlertPresentException:\n            alert_text = None\n            if 'data' in value:\n                alert_text = value['data'].get('text')\n            elif 'alert' in value:\n                alert_text = value['alert'].get('text')\n            raise exception_class(message, screen, stacktrace, alert_text)  # type: ignore[call-arg]  # mypy is not smart enough here\n>       raise exception_class(message, screen, stacktrace)\nE       selenium.common.exceptions.WebDriverException: Message: unknown error: Chrome failed to start: exited abnormally.\nE         (unknown error: DevToolsActivePort file doesn't exist)\nE         (The process started from chrome location /usr/bin/google-chrome is no longer running, so ChromeDriver is assuming that Chrome has crashed.)\nE       Stacktrace:\nE       #0 0x555ac9d872a3 <unknown>\nE       #1 0x555ac9b45f77 <unknown>\nE       #2 0x555ac9b6e5f7 <unknown>\nE       #3 0x555ac9b6a7d0 <unknown>\nE       #4 0x555ac9bab0b7 <unknown>\nE       #5 0x555ac9baaa5f <unknown>\nE       #6 0x555ac9ba2903 <unknown>\nE       #7 0x555ac9b75ece <unknown>\nE       #8 0x555ac9b76fde <unknown>\nE       #9 0x555ac9dd763e <unknown>\nE       #10 0x555ac9ddab79 <unknown>\nE       #11 0x555ac9dbd89e <unknown>\nE       #12 0x555ac9ddba83 <unknown>\nE       #13 0x555ac9db0505 <unknown>\nE       #14 0x555ac9dfcca8 <unknown>\nE       #15 0x555ac9dfce36 <unknown>\nE       #16 0x555ac9e18333 <unknown>\nE       #17 0x7f1e96a44b43 <unknown>\n\n/opt/hostedtoolcache/Python/3.11.1/x64/lib/python3.11/site-packages/selenium/webdriver/remote/errorhandler.py:243: WebDriverException","steps":[{"name":"Открываем главную страницу","time":{"start":1674038407186,"stop":1674038407989,"duration":803},"status":"broken","statusMessage":"selenium.common.exceptions.WebDriverException: Message: unknown error: Chrome failed to start: exited abnormally.\n  (unknown error: DevToolsActivePort file doesn't exist)\n  (The process started from chrome location /usr/bin/google-chrome is no longer running, so ChromeDriver is assuming that Chrome has crashed.)\nStacktrace:\n#0 0x555ac9d872a3 <unknown>\n#1 0x555ac9b45f77 <unknown>\n#2 0x555ac9b6e5f7 <unknown>\n#3 0x555ac9b6a7d0 <unknown>\n#4 0x555ac9bab0b7 <unknown>\n#5 0x555ac9baaa5f <unknown>\n#6 0x555ac9ba2903 <unknown>\n#7 0x555ac9b75ece <unknown>\n#8 0x555ac9b76fde <unknown>\n#9 0x555ac9dd763e <unknown>\n#10 0x555ac9ddab79 <unknown>\n#11 0x555ac9dbd89e <unknown>\n#12 0x555ac9ddba83 <unknown>\n#13 0x555ac9db0505 <unknown>\n#14 0x555ac9dfcca8 <unknown>\n#15 0x555ac9dfce36 <unknown>\n#16 0x555ac9e18333 <unknown>\n#17 0x7f1e96a44b43 <unknown>\n\n","statusTrace":"  File \"/home/runner/work/qa_guru_python_7/qa_guru_python_7/tests/test_github_with_steps.py\", line 17, in test_dynamic_steps\n    browser.open(\"https://github.com/\")\n  File \"/opt/hostedtoolcache/Python/3.11.1/x64/lib/python3.11/site-packages/selene/support/shared/browser.py\", line 83, in open\n    self.config.get_or_create_driver().get(url)\n    ^^^^^^^^^^^^^^^^^^^^^^^^^^^^^^^^^^\n  File \"/opt/hostedtoolcache/Python/3.11.1/x64/lib/python3.11/site-packages/selene/support/shared/config.py\", line 301, in get_or_create_driver\n    return self._source.get_or_create()\n           ^^^^^^^^^^^^^^^^^^^^^^^^^^^^\n  File \"/opt/hostedtoolcache/Python/3.11.1/x64/lib/python3.11/site-packages/selene/support/shared/config.py\", line 135, in get_or_create\n    return self.create()\n           ^^^^^^^^^^^^^\n  File \"/opt/hostedtoolcache/Python/3.11.1/x64/lib/python3.11/site-packages/selene/support/shared/config.py\", line 116, in create\n    self._stored = self._set_driver()\n                   ^^^^^^^^^^^^^^^^^^\n  File \"/opt/hostedtoolcache/Python/3.11.1/x64/lib/python3.11/site-packages/selene/support/shared/config.py\", line 203, in <lambda>\n    lambda: self._set_drivers_from_webdriver_manager()\n            ^^^^^^^^^^^^^^^^^^^^^^^^^^^^^^^^^^^^^^^^^^\n  File \"/opt/hostedtoolcache/Python/3.11.1/x64/lib/python3.11/site-packages/selene/support/shared/config.py\", line 277, in _set_drivers_from_webdriver_manager\n    return {\n           ^\n  File \"/opt/hostedtoolcache/Python/3.11.1/x64/lib/python3.11/site-packages/selene/support/shared/config.py\", line 252, in get_chrome\n    return Chrome(\n           ^^^^^^^\n  File \"/opt/hostedtoolcache/Python/3.11.1/x64/lib/python3.11/site-packages/selenium/webdriver/chrome/webdriver.py\", line 69, in __init__\n    super().__init__(DesiredCapabilities.CHROME['browserName'], \"goog\",\n  File \"/opt/hostedtoolcache/Python/3.11.1/x64/lib/python3.11/site-packages/selenium/webdriver/chromium/webdriver.py\", line 92, in __init__\n    super().__init__(\n  File \"/opt/hostedtoolcache/Python/3.11.1/x64/lib/python3.11/site-packages/selenium/webdriver/remote/webdriver.py\", line 270, in __init__\n    self.start_session(capabilities, browser_profile)\n  File \"/opt/hostedtoolcache/Python/3.11.1/x64/lib/python3.11/site-packages/selenium/webdriver/remote/webdriver.py\", line 363, in start_session\n    response = self.execute(Command.NEW_SESSION, parameters)\n               ^^^^^^^^^^^^^^^^^^^^^^^^^^^^^^^^^^^^^^^^^^^^^\n  File \"/opt/hostedtoolcache/Python/3.11.1/x64/lib/python3.11/site-packages/selenium/webdriver/remote/webdriver.py\", line 428, in execute\n    self.error_handler.check_response(response)\n  File \"/opt/hostedtoolcache/Python/3.11.1/x64/lib/python3.11/site-packages/selenium/webdriver/remote/errorhandler.py\", line 243, in check_response\n    raise exception_class(message, screen, stacktrace)\n","steps":[],"attachments":[],"parameters":[],"stepsCount":0,"attachmentsCount":0,"shouldDisplayMessage":true,"hasContent":true}],"attachments":[],"parameters":[],"stepsCount":1,"attachmentsCount":0,"shouldDisplayMessage":true,"hasContent":true},"afterStages":[],"labels":[{"name":"feature","value":"Проверка наличия задачи №576 в репозитории"},{"name":"owner","value":"Shurukhina"},{"name":"tag","value":"web"},{"name":"story","value":"Лямбда шаги с помощью 'with allure.step'"},{"name":"severity","value":"critical"},{"name":"parentSuite","value":"tests"},{"name":"suite","value":"test_github_with_steps"},{"name":"host","value":"fv-az459-111"},{"name":"thread","value":"2392-MainThread"},{"name":"framework","value":"pytest"},{"name":"language","value":"cpython3"},{"name":"package","value":"tests.test_github_with_steps"},{"name":"resultFormat","value":"allure2"}],"parameters":[],"links":[{"name":"Testing","url":"https://github.com","type":"link"}],"hidden":false,"retry":false,"extra":{"severity":"critical","owner":"Shurukhina","retries":[],"categories":[{"name":"Test defects","matchedStatuses":[],"flaky":false}],"history":{"statistic":{"failed":0,"broken":5,"skipped":0,"passed":0,"unknown":0,"total":5},"items":[{"uid":"6dc50f2c8593d240","reportUrl":"https://DiShurukhina.github.io/qa_guru_python_7/7//#testresult/6dc50f2c8593d240","status":"broken","statusDetails":"selenium.common.exceptions.WebDriverException: Message: unknown error: Chrome failed to start: exited abnormally.\n  (unknown error: DevToolsActivePort file doesn't exist)\n  (The process started from chrome location /usr/bin/google-chrome is no longer running, so ChromeDriver is assuming that Chrome has crashed.)\nStacktrace:\n#0 0x55bf5ed502a3 <unknown>\n#1 0x55bf5eb0ef77 <unknown>\n#2 0x55bf5eb375f7 <unknown>\n#3 0x55bf5eb337d0 <unknown>\n#4 0x55bf5eb740b7 <unknown>\n#5 0x55bf5eb73a5f <unknown>\n#6 0x55bf5eb6b903 <unknown>\n#7 0x55bf5eb3eece <unknown>\n#8 0x55bf5eb3ffde <unknown>\n#9 0x55bf5eda063e <unknown>\n#10 0x55bf5eda3b79 <unknown>\n#11 0x55bf5ed8689e <unknown>\n#12 0x55bf5eda4a83 <unknown>\n#13 0x55bf5ed79505 <unknown>\n#14 0x55bf5edc5ca8 <unknown>\n#15 0x55bf5edc5e36 <unknown>\n#16 0x55bf5ede1333 <unknown>\n#17 0x7f9578e45b43 <unknown>","time":{"start":1674038058688,"stop":1674038059495,"duration":807}},{"uid":"9c1d0d283ed90e3e","reportUrl":"https://DiShurukhina.github.io/qa_guru_python_7/6//#testresult/9c1d0d283ed90e3e","status":"broken","statusDetails":"selenium.common.exceptions.WebDriverException: Message: unknown error: Chrome failed to start: exited abnormally.\n  (unknown error: DevToolsActivePort file doesn't exist)\n  (The process started from chrome location /usr/bin/google-chrome is no longer running, so ChromeDriver is assuming that Chrome has crashed.)\nStacktrace:\n#0 0x5589df5062a3 <unknown>\n#1 0x5589df2c4f77 <unknown>\n#2 0x5589df2ed5f7 <unknown>\n#3 0x5589df2e97d0 <unknown>\n#4 0x5589df32a0b7 <unknown>\n#5 0x5589df329a5f <unknown>\n#6 0x5589df321903 <unknown>\n#7 0x5589df2f4ece <unknown>\n#8 0x5589df2f5fde <unknown>\n#9 0x5589df55663e <unknown>\n#10 0x5589df559b79 <unknown>\n#11 0x5589df53c89e <unknown>\n#12 0x5589df55aa83 <unknown>\n#13 0x5589df52f505 <unknown>\n#14 0x5589df57bca8 <unknown>\n#15 0x5589df57be36 <unknown>\n#16 0x5589df597333 <unknown>\n#17 0x7f6dae58bb43 <unknown>","time":{"start":1674037195141,"stop":1674037195943,"duration":802}},{"uid":"41e0e8262f2f7876","reportUrl":"https://DiShurukhina.github.io/qa_guru_python_7/5//#testresult/41e0e8262f2f7876","status":"broken","statusDetails":"selenium.common.exceptions.WebDriverException: Message: unknown error: Chrome failed to start: exited abnormally.\n  (unknown error: DevToolsActivePort file doesn't exist)\n  (The process started from chrome location /usr/bin/google-chrome is no longer running, so ChromeDriver is assuming that Chrome has crashed.)\nStacktrace:\n#0 0x55af04eb02a3 <unknown>\n#1 0x55af04c6ef77 <unknown>\n#2 0x55af04c975f7 <unknown>\n#3 0x55af04c937d0 <unknown>\n#4 0x55af04cd40b7 <unknown>\n#5 0x55af04cd3a5f <unknown>\n#6 0x55af04ccb903 <unknown>\n#7 0x55af04c9eece <unknown>\n#8 0x55af04c9ffde <unknown>\n#9 0x55af04f0063e <unknown>\n#10 0x55af04f03b79 <unknown>\n#11 0x55af04ee689e <unknown>\n#12 0x55af04f04a83 <unknown>\n#13 0x55af04ed9505 <unknown>\n#14 0x55af04f25ca8 <unknown>\n#15 0x55af04f25e36 <unknown>\n#16 0x55af04f41333 <unknown>\n#17 0x7f2af1058b43 <unknown>","time":{"start":1674036391962,"stop":1674036392845,"duration":883}},{"uid":"2eaced2b273b8377","reportUrl":"https://DiShurukhina.github.io/qa_guru_python_7/4//#testresult/2eaced2b273b8377","status":"broken","statusDetails":"selenium.common.exceptions.WebDriverException: Message: unknown error: Chrome failed to start: exited abnormally.\n  (unknown error: DevToolsActivePort file doesn't exist)\n  (The process started from chrome location /usr/bin/google-chrome is no longer running, so ChromeDriver is assuming that Chrome has crashed.)\nStacktrace:\n#0 0x563754bed2a3 <unknown>\n#1 0x5637549abf77 <unknown>\n#2 0x5637549d45f7 <unknown>\n#3 0x5637549d07d0 <unknown>\n#4 0x563754a110b7 <unknown>\n#5 0x563754a10a5f <unknown>\n#6 0x563754a08903 <unknown>\n#7 0x5637549dbece <unknown>\n#8 0x5637549dcfde <unknown>\n#9 0x563754c3d63e <unknown>\n#10 0x563754c40b79 <unknown>\n#11 0x563754c2389e <unknown>\n#12 0x563754c41a83 <unknown>\n#13 0x563754c16505 <unknown>\n#14 0x563754c62ca8 <unknown>\n#15 0x563754c62e36 <unknown>\n#16 0x563754c7e333 <unknown>\n#17 0x7f3fc231ab43 <unknown>","time":{"start":1674035644966,"stop":1674035645775,"duration":809}}]},"tags":["web"]},"source":"3baa2c8c470dfcc6.json","parameterValues":[]}